<?xml version="1.0" encoding="UTF-8"?>
<checkstyle version="5.6">
<file name="C:\_Projekte\Exxeta\planspielBPMNTomEE\src\main\domain\bpmn\Action.java">
</file>
<file name="C:\_Projekte\Exxeta\planspielBPMNTomEE\src\main\domain\bpmn\Document.java">
</file>
<file name="C:\_Projekte\Exxeta\planspielBPMNTomEE\src\main\domain\bpmn\Lane.java">
<error line="0" severity="error" message="Datei endet nicht mit einem Zeilenumbruch." source="com.puppycrawl.tools.checkstyle.checks.NewlineAtEndOfFileCheck"/>
<error line="30" column="33" severity="error" message="Vor &apos;=&apos; befindet sich kein Leerzeichen." source="com.puppycrawl.tools.checkstyle.checks.whitespace.WhitespaceAroundCheck"/>
<error line="30" column="34" severity="error" message="Nach &apos;=&apos; folgt kein Leerzeichen." source="com.puppycrawl.tools.checkstyle.checks.whitespace.WhitespaceAroundCheck"/>
<error line="35" column="9" severity="error" message="Javadoc-Kommentar fehlt." source="com.puppycrawl.tools.checkstyle.checks.javadoc.JavadocVariableCheck"/>
<error line="38" severity="error" message="Der erste Satz sollte mit einem Punkt abschließen." source="com.puppycrawl.tools.checkstyle.checks.javadoc.JavadocStyleCheck"/>
<error line="46" column="9" severity="error" message="Die Methode &apos;hashCode&apos; ist nicht für Vererbung entworfen - muss abstract, final oder leer sein." source="com.puppycrawl.tools.checkstyle.checks.design.DesignForExtensionCheck"/>
<error line="51" column="59" severity="error" message="Der Bedingungsoperator sollte vermieden werden." source="com.puppycrawl.tools.checkstyle.checks.coding.AvoidInlineConditionalsCheck"/>
<error line="57" column="9" severity="error" message="Die Methode &apos;equals&apos; ist nicht für Vererbung entworfen - muss abstract, final oder leer sein." source="com.puppycrawl.tools.checkstyle.checks.design.DesignForExtensionCheck"/>
<error line="58" column="31" severity="error" message="Der Parameter obj sollte als &apos;final&apos; deklariert sein." source="com.puppycrawl.tools.checkstyle.checks.FinalParametersCheck"/>
<error line="59" column="33" severity="error" message="Vor &apos;{&apos; befindet sich kein Leerzeichen." source="com.puppycrawl.tools.checkstyle.checks.whitespace.WhitespaceAroundCheck"/>
<error line="60" column="37" severity="error" message="&apos;}&apos; sollte in einer neuen Zeile stehen." source="com.puppycrawl.tools.checkstyle.checks.blocks.RightCurlyCheck"/>
<error line="60" column="37" severity="error" message="Nach &apos;;&apos; folgt kein Leerzeichen." source="com.puppycrawl.tools.checkstyle.checks.whitespace.WhitespaceAfterCheck"/>
<error line="60" column="37" severity="error" message="Vor &apos;}&apos; befindet sich kein Leerzeichen." source="com.puppycrawl.tools.checkstyle.checks.whitespace.WhitespaceAroundCheck"/>
<error line="61" column="33" severity="error" message="Vor &apos;{&apos; befindet sich kein Leerzeichen." source="com.puppycrawl.tools.checkstyle.checks.whitespace.WhitespaceAroundCheck"/>
<error line="62" column="38" severity="error" message="&apos;}&apos; sollte in einer neuen Zeile stehen." source="com.puppycrawl.tools.checkstyle.checks.blocks.RightCurlyCheck"/>
<error line="62" column="38" severity="error" message="Nach &apos;;&apos; folgt kein Leerzeichen." source="com.puppycrawl.tools.checkstyle.checks.whitespace.WhitespaceAfterCheck"/>
<error line="62" column="38" severity="error" message="Vor &apos;}&apos; befindet sich kein Leerzeichen." source="com.puppycrawl.tools.checkstyle.checks.whitespace.WhitespaceAroundCheck"/>
<error line="63" column="50" severity="error" message="Vor &apos;{&apos; befindet sich kein Leerzeichen." source="com.puppycrawl.tools.checkstyle.checks.whitespace.WhitespaceAroundCheck"/>
<error line="64" column="38" severity="error" message="&apos;}&apos; sollte in einer neuen Zeile stehen." source="com.puppycrawl.tools.checkstyle.checks.blocks.RightCurlyCheck"/>
<error line="64" column="38" severity="error" message="Nach &apos;;&apos; folgt kein Leerzeichen." source="com.puppycrawl.tools.checkstyle.checks.whitespace.WhitespaceAfterCheck"/>
<error line="64" column="38" severity="error" message="Vor &apos;}&apos; befindet sich kein Leerzeichen." source="com.puppycrawl.tools.checkstyle.checks.whitespace.WhitespaceAroundCheck"/>
<error line="66" column="36" severity="error" message="Vor &apos;{&apos; befindet sich kein Leerzeichen." source="com.puppycrawl.tools.checkstyle.checks.whitespace.WhitespaceAroundCheck"/>
<error line="67" column="38" severity="error" message="&apos;}&apos; sollte in einer neuen Zeile stehen." source="com.puppycrawl.tools.checkstyle.checks.blocks.RightCurlyCheck"/>
<error line="67" column="38" severity="error" message="Nach &apos;;&apos; folgt kein Leerzeichen." source="com.puppycrawl.tools.checkstyle.checks.whitespace.WhitespaceAfterCheck"/>
<error line="67" column="38" severity="error" message="Vor &apos;}&apos; befindet sich kein Leerzeichen." source="com.puppycrawl.tools.checkstyle.checks.whitespace.WhitespaceAroundCheck"/>
<error line="69" column="48" severity="error" message="Vor &apos;{&apos; befindet sich kein Leerzeichen." source="com.puppycrawl.tools.checkstyle.checks.whitespace.WhitespaceAroundCheck"/>
<error line="70" column="46" severity="error" message="&apos;}&apos; sollte in einer neuen Zeile stehen." source="com.puppycrawl.tools.checkstyle.checks.blocks.RightCurlyCheck"/>
<error line="70" column="46" severity="error" message="Nach &apos;;&apos; folgt kein Leerzeichen." source="com.puppycrawl.tools.checkstyle.checks.whitespace.WhitespaceAfterCheck"/>
<error line="70" column="46" severity="error" message="Vor &apos;}&apos; befindet sich kein Leerzeichen." source="com.puppycrawl.tools.checkstyle.checks.whitespace.WhitespaceAroundCheck"/>
<error line="71" severity="error" message="Das &apos;if&apos;-Konstrukt muss &apos;{}&apos; benutzen." source="com.puppycrawl.tools.checkstyle.checks.blocks.NeedBracesCheck"/>
<error line="78" column="9" severity="error" message="Die Methode &apos;getId&apos; ist nicht für Vererbung entworfen - muss abstract, final oder leer sein." source="com.puppycrawl.tools.checkstyle.checks.design.DesignForExtensionCheck"/>
<error line="78" column="9" severity="error" message="Javadoc-Kommentar fehlt." source="com.puppycrawl.tools.checkstyle.checks.javadoc.JavadocMethodCheck"/>
<error line="81" column="9" severity="error" message="Die Methode &apos;setId&apos; ist nicht für Vererbung entworfen - muss abstract, final oder leer sein." source="com.puppycrawl.tools.checkstyle.checks.design.DesignForExtensionCheck"/>
<error line="81" column="9" severity="error" message="Javadoc-Kommentar fehlt." source="com.puppycrawl.tools.checkstyle.checks.javadoc.JavadocMethodCheck"/>
<error line="81" column="27" severity="error" message="Der Parameter id sollte als &apos;final&apos; deklariert sein." source="com.puppycrawl.tools.checkstyle.checks.FinalParametersCheck"/>
<error line="81" column="31" severity="error" message="&apos;id&apos; verbirgt ein Feld." source="com.puppycrawl.tools.checkstyle.checks.coding.HiddenFieldCheck"/>
<error line="84" column="9" severity="error" message="Die Methode &apos;getName&apos; ist nicht für Vererbung entworfen - muss abstract, final oder leer sein." source="com.puppycrawl.tools.checkstyle.checks.design.DesignForExtensionCheck"/>
<error line="84" column="9" severity="error" message="Javadoc-Kommentar fehlt." source="com.puppycrawl.tools.checkstyle.checks.javadoc.JavadocMethodCheck"/>
<error line="87" column="9" severity="error" message="Die Methode &apos;setName&apos; ist nicht für Vererbung entworfen - muss abstract, final oder leer sein." source="com.puppycrawl.tools.checkstyle.checks.design.DesignForExtensionCheck"/>
<error line="87" column="9" severity="error" message="Javadoc-Kommentar fehlt." source="com.puppycrawl.tools.checkstyle.checks.javadoc.JavadocMethodCheck"/>
<error line="87" column="29" severity="error" message="Der Parameter name sollte als &apos;final&apos; deklariert sein." source="com.puppycrawl.tools.checkstyle.checks.FinalParametersCheck"/>
<error line="87" column="36" severity="error" message="&apos;name&apos; verbirgt ein Feld." source="com.puppycrawl.tools.checkstyle.checks.coding.HiddenFieldCheck"/>
</file>
<file name="C:\_Projekte\Exxeta\planspielBPMNTomEE\src\main\rest\TestRessource.java">
<error line="0" severity="error" message="Datei endet nicht mit einem Zeilenumbruch." source="com.puppycrawl.tools.checkstyle.checks.NewlineAtEndOfFileCheck"/>
<error line="18" severity="error" message="Der erste Satz sollte mit einem Punkt abschließen." source="com.puppycrawl.tools.checkstyle.checks.javadoc.JavadocStyleCheck"/>
<error line="26" column="9" severity="error" message="Javadoc-Kommentar fehlt." source="com.puppycrawl.tools.checkstyle.checks.javadoc.JavadocVariableCheck"/>
<error line="26" column="27" severity="error" message="Variable &apos;lanes&apos; muss private sein." source="com.puppycrawl.tools.checkstyle.checks.design.VisibilityModifierCheck"/>
<error line="28" column="9" severity="error" message="Javadoc-Kommentar fehlt." source="com.puppycrawl.tools.checkstyle.checks.javadoc.JavadocVariableCheck"/>
<error line="33" column="9" severity="error" message="Javadoc-Kommentar fehlt." source="com.puppycrawl.tools.checkstyle.checks.javadoc.JavadocMethodCheck"/>
<error line="52" column="9" severity="error" message="Die Methode &apos;all&apos; ist nicht für Vererbung entworfen - muss abstract, final oder leer sein." source="com.puppycrawl.tools.checkstyle.checks.design.DesignForExtensionCheck"/>
<error line="67" column="9" severity="error" message="Die Methode &apos;test&apos; ist nicht für Vererbung entworfen - muss abstract, final oder leer sein." source="com.puppycrawl.tools.checkstyle.checks.design.DesignForExtensionCheck"/>
<error line="67" column="9" severity="error" message="Javadoc-Kommentar fehlt." source="com.puppycrawl.tools.checkstyle.checks.javadoc.JavadocMethodCheck"/>
<error line="78" severity="error" message="Der erste Satz sollte mit einem Punkt abschließen." source="com.puppycrawl.tools.checkstyle.checks.javadoc.JavadocStyleCheck"/>
<error line="82" column="9" severity="error" message="Die Methode &apos;createLane&apos; ist nicht für Vererbung entworfen - muss abstract, final oder leer sein." source="com.puppycrawl.tools.checkstyle.checks.design.DesignForExtensionCheck"/>
<error line="85" column="32" severity="error" message="Der Parameter rolle sollte als &apos;final&apos; deklariert sein." source="com.puppycrawl.tools.checkstyle.checks.FinalParametersCheck"/>
<error line="85" column="37" severity="error" message="Erwartete Tag @param für &apos;rolle&apos;." source="com.puppycrawl.tools.checkstyle.checks.javadoc.JavadocMethodCheck"/>
</file>
<file name="C:\_Projekte\Exxeta\planspielBPMNTomEE\src\main\service\Settings\XMLActionsReader.java">
<error line="0" severity="error" message="Datei endet nicht mit einem Zeilenumbruch." source="com.puppycrawl.tools.checkstyle.checks.NewlineAtEndOfFileCheck"/>
<error line="28" column="9" severity="error" message="Javadoc-Kommentar fehlt." source="com.puppycrawl.tools.checkstyle.checks.javadoc.JavadocVariableCheck"/>
<error line="35" column="1" severity="error" message="Die Methode &apos;setXML&apos; ist nicht für Vererbung entworfen - muss abstract, final oder leer sein." source="com.puppycrawl.tools.checkstyle.checks.design.DesignForExtensionCheck"/>
<error line="52" severity="error" message="Fehlender @return-Tag." source="com.puppycrawl.tools.checkstyle.checks.javadoc.JavadocMethodCheck"/>
<error line="52" column="1" severity="error" message="Die Methode &apos;readXML&apos; ist nicht für Vererbung entworfen - muss abstract, final oder leer sein." source="com.puppycrawl.tools.checkstyle.checks.design.DesignForExtensionCheck"/>
<error line="110" column="31" severity="error" message="&apos;}&apos; sollte in derselben Zeile stehen." source="com.puppycrawl.tools.checkstyle.checks.blocks.RightCurlyCheck"/>
<error line="110" column="31" severity="error" message="&apos;}&apos; sollte in einer neuen Zeile stehen." source="com.puppycrawl.tools.checkstyle.checks.blocks.RightCurlyCheck"/>
<error line="129" column="25" severity="error" message="&apos;}&apos; sollte in derselben Zeile stehen." source="com.puppycrawl.tools.checkstyle.checks.blocks.RightCurlyCheck"/>
<error line="130" column="53" severity="error" message="&apos;}&apos; sollte allein in der Zeile stehen." source="com.puppycrawl.tools.checkstyle.checks.blocks.RightCurlyCheck"/>
<error line="130" column="54" severity="error" message="Leere Anweisung." source="com.puppycrawl.tools.checkstyle.checks.coding.EmptyStatementCheck"/>
<error line="136" column="39" severity="error" message="&apos;}&apos; sollte in einer neuen Zeile stehen." source="com.puppycrawl.tools.checkstyle.checks.blocks.RightCurlyCheck"/>
</file>
<file name="C:\_Projekte\Exxeta\planspielBPMNTomEE\src\main\service\Settings\XMLDocumentsReader.java">
<error line="28" column="1" severity="error" message="Javadoc-Kommentar fehlt." source="com.puppycrawl.tools.checkstyle.checks.javadoc.JavadocVariableCheck"/>
<error line="35" column="9" severity="error" message="Die Methode &apos;setXML&apos; ist nicht für Vererbung entworfen - muss abstract, final oder leer sein." source="com.puppycrawl.tools.checkstyle.checks.design.DesignForExtensionCheck"/>
<error line="39" column="50" severity="error" message="Nach &apos;;&apos; folgt kein Leerzeichen." source="com.puppycrawl.tools.checkstyle.checks.whitespace.WhitespaceAfterCheck"/>
<error line="45" severity="error" message="Kommentar entspricht to-do-Format &apos;TODO:&apos;." source="com.puppycrawl.tools.checkstyle.checks.TodoCommentCheck"/>
<error line="55" column="9" severity="error" message="Die Methode &apos;readXML&apos; ist nicht für Vererbung entworfen - muss abstract, final oder leer sein." source="com.puppycrawl.tools.checkstyle.checks.design.DesignForExtensionCheck"/>
<error line="113" column="25" severity="error" message="&apos;}&apos; sollte in derselben Zeile stehen." source="com.puppycrawl.tools.checkstyle.checks.blocks.RightCurlyCheck"/>
<error line="133" column="25" severity="error" message="&apos;}&apos; sollte in derselben Zeile stehen." source="com.puppycrawl.tools.checkstyle.checks.blocks.RightCurlyCheck"/>
<error line="135" column="25" severity="error" message="&apos;}&apos; sollte allein in der Zeile stehen." source="com.puppycrawl.tools.checkstyle.checks.blocks.RightCurlyCheck"/>
<error line="135" column="26" severity="error" message="Leere Anweisung." source="com.puppycrawl.tools.checkstyle.checks.coding.EmptyStatementCheck"/>
</file>
<file name="C:\_Projekte\Exxeta\planspielBPMNTomEE\src\main\service\Settings\XMLLanesReader.java">
<error line="0" severity="error" message="Datei endet nicht mit einem Zeilenumbruch." source="com.puppycrawl.tools.checkstyle.checks.NewlineAtEndOfFileCheck"/>
<error line="28" column="9" severity="error" message="Javadoc-Kommentar fehlt." source="com.puppycrawl.tools.checkstyle.checks.javadoc.JavadocVariableCheck"/>
<error line="35" column="1" severity="error" message="Die Methode &apos;setXML&apos; ist nicht für Vererbung entworfen - muss abstract, final oder leer sein." source="com.puppycrawl.tools.checkstyle.checks.design.DesignForExtensionCheck"/>
<error line="50" severity="error" message="Fehlender @return-Tag." source="com.puppycrawl.tools.checkstyle.checks.javadoc.JavadocMethodCheck"/>
<error line="50" column="1" severity="error" message="Die Methode &apos;readXML&apos; ist nicht für Vererbung entworfen - muss abstract, final oder leer sein." source="com.puppycrawl.tools.checkstyle.checks.design.DesignForExtensionCheck"/>
<error line="107" column="31" severity="error" message="&apos;}&apos; sollte in derselben Zeile stehen." source="com.puppycrawl.tools.checkstyle.checks.blocks.RightCurlyCheck"/>
<error line="107" column="31" severity="error" message="&apos;}&apos; sollte in einer neuen Zeile stehen." source="com.puppycrawl.tools.checkstyle.checks.blocks.RightCurlyCheck"/>
<error line="127" column="25" severity="error" message="&apos;}&apos; sollte in derselben Zeile stehen." source="com.puppycrawl.tools.checkstyle.checks.blocks.RightCurlyCheck"/>
<error line="128" column="53" severity="error" message="&apos;}&apos; sollte allein in der Zeile stehen." source="com.puppycrawl.tools.checkstyle.checks.blocks.RightCurlyCheck"/>
<error line="128" column="54" severity="error" message="Leere Anweisung." source="com.puppycrawl.tools.checkstyle.checks.coding.EmptyStatementCheck"/>
<error line="134" column="39" severity="error" message="&apos;}&apos; sollte in einer neuen Zeile stehen." source="com.puppycrawl.tools.checkstyle.checks.blocks.RightCurlyCheck"/>
</file>
<file name="C:\_Projekte\Exxeta\planspielBPMNTomEE\src\main\service\bpmn\BpmnProcessingService.java">
<error line="114" column="52" severity="error" message="Erwartete Tag @throws für &apos;IOException&apos;." source="com.puppycrawl.tools.checkstyle.checks.javadoc.JavadocMethodCheck"/>
<error line="153" column="38" severity="error" message="Vor &apos;(&apos; befindet sich ein Leerzeichen." source="com.puppycrawl.tools.checkstyle.checks.whitespace.MethodParamPadCheck"/>
<error line="162" column="35" severity="error" message="Vor &apos;(&apos; befindet sich ein Leerzeichen." source="com.puppycrawl.tools.checkstyle.checks.whitespace.MethodParamPadCheck"/>
<error line="162" column="49" severity="error" message="Erwartete Tag @param für &apos;name&apos;." source="com.puppycrawl.tools.checkstyle.checks.javadoc.JavadocMethodCheck"/>
<error line="234" column="51" severity="error" message="&apos;TaskName&apos; entspricht nicht dem Muster &apos;^[a-z][a-zA-Z0-9]*$&apos;." source="com.puppycrawl.tools.checkstyle.checks.naming.ParameterNameCheck"/>
<error line="234" column="51" severity="error" message="Erwartete Tag @param für &apos;TaskName&apos;." source="com.puppycrawl.tools.checkstyle.checks.javadoc.JavadocMethodCheck"/>
<error line="234" column="74" severity="error" message="&apos;FlowName&apos; entspricht nicht dem Muster &apos;^[a-z][a-zA-Z0-9]*$&apos;." source="com.puppycrawl.tools.checkstyle.checks.naming.ParameterNameCheck"/>
<error line="234" column="74" severity="error" message="Erwartete Tag @param für &apos;FlowName&apos;." source="com.puppycrawl.tools.checkstyle.checks.javadoc.JavadocMethodCheck"/>
<error line="234" column="94" severity="error" message="Erwartete Tag @param für &apos;laneIndex&apos;." source="com.puppycrawl.tools.checkstyle.checks.javadoc.JavadocMethodCheck"/>
<error line="234" column="112" severity="error" message="Erwartete Tag @throws für &apos;IOException&apos;." source="com.puppycrawl.tools.checkstyle.checks.javadoc.JavadocMethodCheck"/>
<error line="252" column="51" severity="error" message="&apos;TaskName&apos; entspricht nicht dem Muster &apos;^[a-z][a-zA-Z0-9]*$&apos;." source="com.puppycrawl.tools.checkstyle.checks.naming.ParameterNameCheck"/>
<error line="252" column="51" severity="error" message="Erwartete Tag @param für &apos;TaskName&apos;." source="com.puppycrawl.tools.checkstyle.checks.javadoc.JavadocMethodCheck"/>
<error line="252" column="74" severity="error" message="&apos;FlowName&apos; entspricht nicht dem Muster &apos;^[a-z][a-zA-Z0-9]*$&apos;." source="com.puppycrawl.tools.checkstyle.checks.naming.ParameterNameCheck"/>
<error line="252" column="74" severity="error" message="Erwartete Tag @param für &apos;FlowName&apos;." source="com.puppycrawl.tools.checkstyle.checks.javadoc.JavadocMethodCheck"/>
<error line="252" column="99" severity="error" message="Erwartete Tag @param für &apos;lane&apos;." source="com.puppycrawl.tools.checkstyle.checks.javadoc.JavadocMethodCheck"/>
<error line="252" column="112" severity="error" message="Erwartete Tag @throws für &apos;IOException&apos;." source="com.puppycrawl.tools.checkstyle.checks.javadoc.JavadocMethodCheck"/>
<error line="274" column="17" severity="error" message="&apos;}&apos; sollte in derselben Zeile stehen." source="com.puppycrawl.tools.checkstyle.checks.blocks.RightCurlyCheck"/>
<error line="275" column="37" severity="error" message="Muss mindestens ein Statement beinhalten." source="com.puppycrawl.tools.checkstyle.checks.blocks.EmptyBlockCheck"/>
<error line="276" severity="error" message="Kommentar entspricht to-do-Format &apos;TODO:&apos;." source="com.puppycrawl.tools.checkstyle.checks.TodoCommentCheck"/>
<error line="284" severity="error" message="Fehlender @return-Tag." source="com.puppycrawl.tools.checkstyle.checks.javadoc.JavadocMethodCheck"/>
<error line="292" column="54" severity="error" message="&apos;bpmnPool&apos; verbirgt ein Feld." source="com.puppycrawl.tools.checkstyle.checks.coding.HiddenFieldCheck"/>
<error line="292" column="54" severity="error" message="Erwartete Tag @param für &apos;bpmnPool&apos;." source="com.puppycrawl.tools.checkstyle.checks.javadoc.JavadocMethodCheck"/>
</file>
<file name="C:\_Projekte\Exxeta\planspielBPMNTomEE\src\main\service\bpmn\models\BpmnElement.java">
<error line="30" column="31" severity="error" message="Variable &apos;bpmnDiagram&apos; muss private sein." source="com.puppycrawl.tools.checkstyle.checks.design.VisibilityModifierCheck"/>
<error line="35" column="45" severity="error" message="Variable &apos;process&apos; muss private sein." source="com.puppycrawl.tools.checkstyle.checks.design.VisibilityModifierCheck"/>
<error line="40" column="32" severity="error" message="Variable &apos;factory&apos; muss private sein." source="com.puppycrawl.tools.checkstyle.checks.design.VisibilityModifierCheck"/>
<error line="45" column="28" severity="error" message="Variable &apos;element&apos; muss private sein." source="com.puppycrawl.tools.checkstyle.checks.design.VisibilityModifierCheck"/>
<error line="50" column="29" severity="error" message="Variable &apos;bpmnShape&apos; muss private sein." source="com.puppycrawl.tools.checkstyle.checks.design.VisibilityModifierCheck"/>
<error line="65" column="23" severity="error" message="Variable &apos;x&apos; muss private sein." source="com.puppycrawl.tools.checkstyle.checks.design.VisibilityModifierCheck"/>
<error line="70" column="23" severity="error" message="Variable &apos;y&apos; muss private sein." source="com.puppycrawl.tools.checkstyle.checks.design.VisibilityModifierCheck"/>
<error line="75" column="23" severity="error" message="Variable &apos;width&apos; muss private sein." source="com.puppycrawl.tools.checkstyle.checks.design.VisibilityModifierCheck"/>
<error line="80" column="23" severity="error" message="Variable &apos;height&apos; muss private sein." source="com.puppycrawl.tools.checkstyle.checks.design.VisibilityModifierCheck"/>
<error line="113" column="9" severity="error" message="Die Methode &apos;createBpmnElement&apos; ist nicht für Vererbung entworfen - muss abstract, final oder leer sein." source="com.puppycrawl.tools.checkstyle.checks.design.DesignForExtensionCheck"/>
<error line="113" column="39" severity="error" message="Der Parameter name sollte als &apos;final&apos; deklariert sein." source="com.puppycrawl.tools.checkstyle.checks.FinalParametersCheck"/>
<error line="113" column="52" severity="error" message="Der Parameter bpmnDiagram sollte als &apos;final&apos; deklariert sein." source="com.puppycrawl.tools.checkstyle.checks.FinalParametersCheck"/>
<error line="113" column="64" severity="error" message="&apos;bpmnDiagram&apos; verbirgt ein Feld." source="com.puppycrawl.tools.checkstyle.checks.coding.HiddenFieldCheck"/>
<error line="114" column="25" severity="error" message="Der Parameter process sollte als &apos;final&apos; deklariert sein." source="com.puppycrawl.tools.checkstyle.checks.FinalParametersCheck"/>
<error line="114" column="51" severity="error" message="&apos;process&apos; verbirgt ein Feld." source="com.puppycrawl.tools.checkstyle.checks.coding.HiddenFieldCheck"/>
<error line="114" column="60" severity="error" message="Der Parameter prevElement sollte als &apos;final&apos; deklariert sein." source="com.puppycrawl.tools.checkstyle.checks.FinalParametersCheck"/>
<error line="115" column="25" severity="error" message="Der Parameter flowName sollte als &apos;final&apos; deklariert sein." source="com.puppycrawl.tools.checkstyle.checks.FinalParametersCheck"/>
<error line="115" column="42" severity="error" message="Der Parameter bpmnLane sollte als &apos;final&apos; deklariert sein." source="com.puppycrawl.tools.checkstyle.checks.FinalParametersCheck"/>
<error line="115" column="51" severity="error" message="&apos;bpmnLane&apos; verbirgt ein Feld." source="com.puppycrawl.tools.checkstyle.checks.coding.HiddenFieldCheck"/>
<error line="115" column="61" severity="error" message="Der Parameter grid sollte als &apos;final&apos; deklariert sein." source="com.puppycrawl.tools.checkstyle.checks.FinalParametersCheck"/>
<error line="115" column="66" severity="error" message="Erwartete Tag @param für &apos;grid&apos;." source="com.puppycrawl.tools.checkstyle.checks.javadoc.JavadocMethodCheck"/>
<error line="118" severity="error" message="Das &apos;if&apos;-Konstrukt muss &apos;{}&apos; benutzen." source="com.puppycrawl.tools.checkstyle.checks.blocks.NeedBracesCheck"/>
<error line="159" column="52" severity="error" message="Erwartete Tag @param für &apos;prevElement&apos;." source="com.puppycrawl.tools.checkstyle.checks.javadoc.JavadocMethodCheck"/>
<error line="202" column="54" severity="error" message="Der Parameter prevElement sollte als &apos;final&apos; deklariert sein." source="com.puppycrawl.tools.checkstyle.checks.FinalParametersCheck"/>
<error line="202" column="79" severity="error" message="Der Parameter name sollte als &apos;final&apos; deklariert sein." source="com.puppycrawl.tools.checkstyle.checks.FinalParametersCheck"/>
<error line="260" column="34" severity="error" message="Nach &apos;{&apos; folgt kein Leerzeichen." source="com.puppycrawl.tools.checkstyle.checks.whitespace.WhitespaceAroundCheck"/>
<error line="260" column="34" severity="error" message="Vor &apos;}&apos; befindet sich kein Leerzeichen." source="com.puppycrawl.tools.checkstyle.checks.whitespace.WhitespaceAroundCheck"/>
<error line="271" severity="error" message="Kommentar entspricht to-do-Format &apos;TODO:&apos;." source="com.puppycrawl.tools.checkstyle.checks.TodoCommentCheck"/>
<error line="274" column="32" severity="error" message="Der Parameter x sollte als &apos;final&apos; deklariert sein." source="com.puppycrawl.tools.checkstyle.checks.FinalParametersCheck"/>
<error line="274" column="36" severity="error" message="&apos;x&apos; verbirgt ein Feld." source="com.puppycrawl.tools.checkstyle.checks.coding.HiddenFieldCheck"/>
<error line="274" column="36" severity="error" message="Erwartete Tag @param für &apos;x&apos;." source="com.puppycrawl.tools.checkstyle.checks.javadoc.JavadocMethodCheck"/>
<error line="286" severity="error" message="Fehlender @return-Tag." source="com.puppycrawl.tools.checkstyle.checks.javadoc.JavadocMethodCheck"/>
<error line="286" column="9" severity="error" message="Die Methode &apos;getY&apos; ist nicht für Vererbung entworfen - muss abstract, final oder leer sein." source="com.puppycrawl.tools.checkstyle.checks.design.DesignForExtensionCheck"/>
<error line="294" column="9" severity="error" message="Die Methode &apos;setY&apos; ist nicht für Vererbung entworfen - muss abstract, final oder leer sein." source="com.puppycrawl.tools.checkstyle.checks.design.DesignForExtensionCheck"/>
<error line="294" column="26" severity="error" message="Der Parameter y sollte als &apos;final&apos; deklariert sein." source="com.puppycrawl.tools.checkstyle.checks.FinalParametersCheck"/>
<error line="294" column="30" severity="error" message="&apos;y&apos; verbirgt ein Feld." source="com.puppycrawl.tools.checkstyle.checks.coding.HiddenFieldCheck"/>
<error line="318" column="9" severity="error" message="Die Methode &apos;getEdgesFromPreviousElements&apos; ist nicht für Vererbung entworfen - muss abstract, final oder leer sein." source="com.puppycrawl.tools.checkstyle.checks.design.DesignForExtensionCheck"/>
<error line="318" column="9" severity="error" message="Javadoc-Kommentar fehlt." source="com.puppycrawl.tools.checkstyle.checks.javadoc.JavadocMethodCheck"/>
<error line="322" column="9" severity="error" message="Die Methode &apos;getEdgesToFollowingElements&apos; ist nicht für Vererbung entworfen - muss abstract, final oder leer sein." source="com.puppycrawl.tools.checkstyle.checks.design.DesignForExtensionCheck"/>
<error line="322" column="9" severity="error" message="Javadoc-Kommentar fehlt." source="com.puppycrawl.tools.checkstyle.checks.javadoc.JavadocMethodCheck"/>
<error line="326" column="9" severity="error" message="Die Methode &apos;getWidth&apos; ist nicht für Vererbung entworfen - muss abstract, final oder leer sein." source="com.puppycrawl.tools.checkstyle.checks.design.DesignForExtensionCheck"/>
<error line="326" column="9" severity="error" message="Javadoc-Kommentar fehlt." source="com.puppycrawl.tools.checkstyle.checks.javadoc.JavadocMethodCheck"/>
<error line="330" column="9" severity="error" message="Die Methode &apos;setWidth&apos; ist nicht für Vererbung entworfen - muss abstract, final oder leer sein." source="com.puppycrawl.tools.checkstyle.checks.design.DesignForExtensionCheck"/>
<error line="330" column="9" severity="error" message="Javadoc-Kommentar fehlt." source="com.puppycrawl.tools.checkstyle.checks.javadoc.JavadocMethodCheck"/>
<error line="330" column="30" severity="error" message="Der Parameter width sollte als &apos;final&apos; deklariert sein." source="com.puppycrawl.tools.checkstyle.checks.FinalParametersCheck"/>
<error line="330" column="34" severity="error" message="&apos;width&apos; verbirgt ein Feld." source="com.puppycrawl.tools.checkstyle.checks.coding.HiddenFieldCheck"/>
<error line="335" column="9" severity="error" message="Die Methode &apos;getHeight&apos; ist nicht für Vererbung entworfen - muss abstract, final oder leer sein." source="com.puppycrawl.tools.checkstyle.checks.design.DesignForExtensionCheck"/>
<error line="335" column="9" severity="error" message="Javadoc-Kommentar fehlt." source="com.puppycrawl.tools.checkstyle.checks.javadoc.JavadocMethodCheck"/>
<error line="339" column="9" severity="error" message="Die Methode &apos;setHeight&apos; ist nicht für Vererbung entworfen - muss abstract, final oder leer sein." source="com.puppycrawl.tools.checkstyle.checks.design.DesignForExtensionCheck"/>
<error line="339" column="9" severity="error" message="Javadoc-Kommentar fehlt." source="com.puppycrawl.tools.checkstyle.checks.javadoc.JavadocMethodCheck"/>
<error line="339" column="31" severity="error" message="Der Parameter height sollte als &apos;final&apos; deklariert sein." source="com.puppycrawl.tools.checkstyle.checks.FinalParametersCheck"/>
<error line="339" column="35" severity="error" message="&apos;height&apos; verbirgt ein Feld." source="com.puppycrawl.tools.checkstyle.checks.coding.HiddenFieldCheck"/>
<error line="344" column="9" severity="error" message="Die Methode &apos;getPreviousElements&apos; ist nicht für Vererbung entworfen - muss abstract, final oder leer sein." source="com.puppycrawl.tools.checkstyle.checks.design.DesignForExtensionCheck"/>
<error line="344" column="9" severity="error" message="Javadoc-Kommentar fehlt." source="com.puppycrawl.tools.checkstyle.checks.javadoc.JavadocMethodCheck"/>
<error line="348" column="9" severity="error" message="Die Methode &apos;getFollowingElements&apos; ist nicht für Vererbung entworfen - muss abstract, final oder leer sein." source="com.puppycrawl.tools.checkstyle.checks.design.DesignForExtensionCheck"/>
<error line="348" column="9" severity="error" message="Javadoc-Kommentar fehlt." source="com.puppycrawl.tools.checkstyle.checks.javadoc.JavadocMethodCheck"/>
<error line="352" column="9" severity="error" message="Die Methode &apos;setFollowingElements&apos; ist nicht für Vererbung entworfen - muss abstract, final oder leer sein." source="com.puppycrawl.tools.checkstyle.checks.design.DesignForExtensionCheck"/>
<error line="352" column="9" severity="error" message="Javadoc-Kommentar fehlt." source="com.puppycrawl.tools.checkstyle.checks.javadoc.JavadocMethodCheck"/>
<error line="352" column="42" severity="error" message="Der Parameter followingElements sollte als &apos;final&apos; deklariert sein." source="com.puppycrawl.tools.checkstyle.checks.FinalParametersCheck"/>
<error line="352" column="60" severity="error" message="&apos;followingElements&apos; verbirgt ein Feld." source="com.puppycrawl.tools.checkstyle.checks.coding.HiddenFieldCheck"/>
<error line="356" column="9" severity="error" message="Die Methode &apos;getElement&apos; ist nicht für Vererbung entworfen - muss abstract, final oder leer sein." source="com.puppycrawl.tools.checkstyle.checks.design.DesignForExtensionCheck"/>
<error line="356" column="9" severity="error" message="Javadoc-Kommentar fehlt." source="com.puppycrawl.tools.checkstyle.checks.javadoc.JavadocMethodCheck"/>
<error line="360" column="9" severity="error" message="Die Methode &apos;setElement&apos; ist nicht für Vererbung entworfen - muss abstract, final oder leer sein." source="com.puppycrawl.tools.checkstyle.checks.design.DesignForExtensionCheck"/>
<error line="360" column="9" severity="error" message="Javadoc-Kommentar fehlt." source="com.puppycrawl.tools.checkstyle.checks.javadoc.JavadocMethodCheck"/>
<error line="360" column="32" severity="error" message="Der Parameter element sollte als &apos;final&apos; deklariert sein." source="com.puppycrawl.tools.checkstyle.checks.FinalParametersCheck"/>
<error line="360" column="41" severity="error" message="&apos;element&apos; verbirgt ein Feld." source="com.puppycrawl.tools.checkstyle.checks.coding.HiddenFieldCheck"/>
<error line="364" column="9" severity="error" message="Die Methode &apos;getName&apos; ist nicht für Vererbung entworfen - muss abstract, final oder leer sein." source="com.puppycrawl.tools.checkstyle.checks.design.DesignForExtensionCheck"/>
<error line="364" column="9" severity="error" message="Javadoc-Kommentar fehlt." source="com.puppycrawl.tools.checkstyle.checks.javadoc.JavadocMethodCheck"/>
<error line="368" column="9" severity="error" message="Die Methode &apos;setName&apos; ist nicht für Vererbung entworfen - muss abstract, final oder leer sein." source="com.puppycrawl.tools.checkstyle.checks.design.DesignForExtensionCheck"/>
<error line="368" column="9" severity="error" message="Javadoc-Kommentar fehlt." source="com.puppycrawl.tools.checkstyle.checks.javadoc.JavadocMethodCheck"/>
<error line="368" column="29" severity="error" message="Der Parameter name sollte als &apos;final&apos; deklariert sein." source="com.puppycrawl.tools.checkstyle.checks.FinalParametersCheck"/>
<error line="372" column="9" severity="error" message="Die Methode &apos;getGridPostion&apos; ist nicht für Vererbung entworfen - muss abstract, final oder leer sein." source="com.puppycrawl.tools.checkstyle.checks.design.DesignForExtensionCheck"/>
<error line="372" column="9" severity="error" message="Javadoc-Kommentar fehlt." source="com.puppycrawl.tools.checkstyle.checks.javadoc.JavadocMethodCheck"/>
<error line="376" column="9" severity="error" message="Die Methode &apos;setGridPostion&apos; ist nicht für Vererbung entworfen - muss abstract, final oder leer sein." source="com.puppycrawl.tools.checkstyle.checks.design.DesignForExtensionCheck"/>
<error line="376" column="9" severity="error" message="Javadoc-Kommentar fehlt." source="com.puppycrawl.tools.checkstyle.checks.javadoc.JavadocMethodCheck"/>
<error line="376" column="36" severity="error" message="Der Parameter gridPostion sollte als &apos;final&apos; deklariert sein." source="com.puppycrawl.tools.checkstyle.checks.FinalParametersCheck"/>
<error line="376" column="42" severity="error" message="&apos;gridPostion&apos; verbirgt ein Feld." source="com.puppycrawl.tools.checkstyle.checks.coding.HiddenFieldCheck"/>
<error line="380" column="9" severity="error" message="Die Methode &apos;getBpmnLane&apos; ist nicht für Vererbung entworfen - muss abstract, final oder leer sein." source="com.puppycrawl.tools.checkstyle.checks.design.DesignForExtensionCheck"/>
<error line="380" column="9" severity="error" message="Javadoc-Kommentar fehlt." source="com.puppycrawl.tools.checkstyle.checks.javadoc.JavadocMethodCheck"/>
<error line="384" column="9" severity="error" message="Die Methode &apos;setBpmnLane&apos; ist nicht für Vererbung entworfen - muss abstract, final oder leer sein." source="com.puppycrawl.tools.checkstyle.checks.design.DesignForExtensionCheck"/>
<error line="384" column="9" severity="error" message="Javadoc-Kommentar fehlt." source="com.puppycrawl.tools.checkstyle.checks.javadoc.JavadocMethodCheck"/>
<error line="384" column="33" severity="error" message="Der Parameter bpmnLane sollte als &apos;final&apos; deklariert sein." source="com.puppycrawl.tools.checkstyle.checks.FinalParametersCheck"/>
<error line="384" column="42" severity="error" message="&apos;bpmnLane&apos; verbirgt ein Feld." source="com.puppycrawl.tools.checkstyle.checks.coding.HiddenFieldCheck"/>
</file>
<file name="C:\_Projekte\Exxeta\planspielBPMNTomEE\src\main\service\bpmn\models\BpmnEndEvent.java">
<error line="15" column="9" severity="error" message="Javadoc-Kommentar fehlt." source="com.puppycrawl.tools.checkstyle.checks.javadoc.JavadocMethodCheck"/>
<error line="15" column="29" severity="error" message="Der Parameter name sollte als &apos;final&apos; deklariert sein." source="com.puppycrawl.tools.checkstyle.checks.FinalParametersCheck"/>
<error line="15" column="42" severity="error" message="Der Parameter bpmnDiagram sollte als &apos;final&apos; deklariert sein." source="com.puppycrawl.tools.checkstyle.checks.FinalParametersCheck"/>
<error line="16" column="25" severity="error" message="Der Parameter process sollte als &apos;final&apos; deklariert sein." source="com.puppycrawl.tools.checkstyle.checks.FinalParametersCheck"/>
<error line="17" column="25" severity="error" message="Der Parameter prevElement sollte als &apos;final&apos; deklariert sein." source="com.puppycrawl.tools.checkstyle.checks.FinalParametersCheck"/>
<error line="18" column="25" severity="error" message="Der Parameter flowName sollte als &apos;final&apos; deklariert sein." source="com.puppycrawl.tools.checkstyle.checks.FinalParametersCheck"/>
<error line="19" column="25" severity="error" message="Der Parameter bpmnLane sollte als &apos;final&apos; deklariert sein." source="com.puppycrawl.tools.checkstyle.checks.FinalParametersCheck"/>
<error line="19" column="44" severity="error" message="Der Parameter grid sollte als &apos;final&apos; deklariert sein." source="com.puppycrawl.tools.checkstyle.checks.FinalParametersCheck"/>
<error line="28" column="55" severity="error" message="Vor &apos;/&apos; befindet sich kein Leerzeichen." source="com.puppycrawl.tools.checkstyle.checks.whitespace.WhitespaceAroundCheck"/>
<error line="28" column="56" severity="error" message="Nach &apos;/&apos; folgt kein Leerzeichen." source="com.puppycrawl.tools.checkstyle.checks.whitespace.WhitespaceAroundCheck"/>
<error line="31" column="55" severity="error" message="Vor &apos;/&apos; befindet sich kein Leerzeichen." source="com.puppycrawl.tools.checkstyle.checks.whitespace.WhitespaceAroundCheck"/>
<error line="31" column="56" severity="error" message="Nach &apos;/&apos; folgt kein Leerzeichen." source="com.puppycrawl.tools.checkstyle.checks.whitespace.WhitespaceAroundCheck"/>
</file>
<file name="C:\_Projekte\Exxeta\planspielBPMNTomEE\src\main\service\bpmn\models\BpmnExclusiveGateway.java">
<error line="8" severity="error" message="Javadoc-Kommentar fehlt." source="com.puppycrawl.tools.checkstyle.checks.javadoc.JavadocTypeCheck"/>
<error line="10" column="1" severity="error" message="Javadoc-Kommentar fehlt." source="com.puppycrawl.tools.checkstyle.checks.javadoc.JavadocMethodCheck"/>
<error line="10" column="29" severity="error" message="Nach &apos;(&apos; folgt ein Leerzeichen." source="com.puppycrawl.tools.checkstyle.checks.whitespace.ParenPadCheck"/>
<error line="10" column="30" severity="error" message="Der Parameter name sollte als &apos;final&apos; deklariert sein." source="com.puppycrawl.tools.checkstyle.checks.FinalParametersCheck"/>
<error line="10" column="43" severity="error" message="Der Parameter bpmnDiagram sollte als &apos;final&apos; deklariert sein." source="com.puppycrawl.tools.checkstyle.checks.FinalParametersCheck"/>
<error line="11" column="17" severity="error" message="Der Parameter process sollte als &apos;final&apos; deklariert sein." source="com.puppycrawl.tools.checkstyle.checks.FinalParametersCheck"/>
<error line="11" column="52" severity="error" message="Der Parameter prevElement sollte als &apos;final&apos; deklariert sein." source="com.puppycrawl.tools.checkstyle.checks.FinalParametersCheck"/>
<error line="12" column="17" severity="error" message="Der Parameter flowName sollte als &apos;final&apos; deklariert sein." source="com.puppycrawl.tools.checkstyle.checks.FinalParametersCheck"/>
<error line="12" column="34" severity="error" message="Der Parameter bpmnLane sollte als &apos;final&apos; deklariert sein." source="com.puppycrawl.tools.checkstyle.checks.FinalParametersCheck"/>
<error line="12" column="53" severity="error" message="Der Parameter grid sollte als &apos;final&apos; deklariert sein." source="com.puppycrawl.tools.checkstyle.checks.FinalParametersCheck"/>
<error line="20" column="47" severity="error" message="Vor &apos;/&apos; befindet sich kein Leerzeichen." source="com.puppycrawl.tools.checkstyle.checks.whitespace.WhitespaceAroundCheck"/>
<error line="20" column="48" severity="error" message="Nach &apos;/&apos; folgt kein Leerzeichen." source="com.puppycrawl.tools.checkstyle.checks.whitespace.WhitespaceAroundCheck"/>
<error line="23" column="47" severity="error" message="Vor &apos;/&apos; befindet sich kein Leerzeichen." source="com.puppycrawl.tools.checkstyle.checks.whitespace.WhitespaceAroundCheck"/>
<error line="23" column="48" severity="error" message="Nach &apos;/&apos; folgt kein Leerzeichen." source="com.puppycrawl.tools.checkstyle.checks.whitespace.WhitespaceAroundCheck"/>
</file>
<file name="C:\_Projekte\Exxeta\planspielBPMNTomEE\src\main\service\bpmn\models\BpmnInclusiveGateway.java">
<error line="6" severity="error" message="Javadoc-Kommentar fehlt." source="com.puppycrawl.tools.checkstyle.checks.javadoc.JavadocTypeCheck"/>
<error line="8" column="1" severity="error" message="Javadoc-Kommentar fehlt." source="com.puppycrawl.tools.checkstyle.checks.javadoc.JavadocMethodCheck"/>
<error line="8" column="29" severity="error" message="Nach &apos;(&apos; folgt ein Leerzeichen." source="com.puppycrawl.tools.checkstyle.checks.whitespace.ParenPadCheck"/>
<error line="8" column="30" severity="error" message="Der Parameter name sollte als &apos;final&apos; deklariert sein." source="com.puppycrawl.tools.checkstyle.checks.FinalParametersCheck"/>
<error line="8" column="43" severity="error" message="Der Parameter bpmnDiagram sollte als &apos;final&apos; deklariert sein." source="com.puppycrawl.tools.checkstyle.checks.FinalParametersCheck"/>
<error line="9" column="17" severity="error" message="Der Parameter process sollte als &apos;final&apos; deklariert sein." source="com.puppycrawl.tools.checkstyle.checks.FinalParametersCheck"/>
<error line="9" column="52" severity="error" message="Der Parameter prevElement sollte als &apos;final&apos; deklariert sein." source="com.puppycrawl.tools.checkstyle.checks.FinalParametersCheck"/>
<error line="10" column="17" severity="error" message="Der Parameter flowName sollte als &apos;final&apos; deklariert sein." source="com.puppycrawl.tools.checkstyle.checks.FinalParametersCheck"/>
<error line="10" column="34" severity="error" message="Der Parameter bpmnLane sollte als &apos;final&apos; deklariert sein." source="com.puppycrawl.tools.checkstyle.checks.FinalParametersCheck"/>
<error line="10" column="53" severity="error" message="Der Parameter grid sollte als &apos;final&apos; deklariert sein." source="com.puppycrawl.tools.checkstyle.checks.FinalParametersCheck"/>
<error line="18" column="47" severity="error" message="Vor &apos;/&apos; befindet sich kein Leerzeichen." source="com.puppycrawl.tools.checkstyle.checks.whitespace.WhitespaceAroundCheck"/>
<error line="18" column="48" severity="error" message="Nach &apos;/&apos; folgt kein Leerzeichen." source="com.puppycrawl.tools.checkstyle.checks.whitespace.WhitespaceAroundCheck"/>
<error line="19" column="30" severity="error" message="&apos;36&apos; sollte durch eine Konstante definiert sein." source="com.puppycrawl.tools.checkstyle.checks.coding.MagicNumberCheck"/>
<error line="20" column="31" severity="error" message="&apos;36&apos; sollte durch eine Konstante definiert sein." source="com.puppycrawl.tools.checkstyle.checks.coding.MagicNumberCheck"/>
<error line="21" column="47" severity="error" message="Vor &apos;/&apos; befindet sich kein Leerzeichen." source="com.puppycrawl.tools.checkstyle.checks.whitespace.WhitespaceAroundCheck"/>
<error line="21" column="48" severity="error" message="Nach &apos;/&apos; folgt kein Leerzeichen." source="com.puppycrawl.tools.checkstyle.checks.whitespace.WhitespaceAroundCheck"/>
</file>
<file name="C:\_Projekte\Exxeta\planspielBPMNTomEE\src\main\service\bpmn\models\BpmnIntermediateCatchEvent.java">
<error line="15" column="9" severity="error" message="Javadoc-Kommentar fehlt." source="com.puppycrawl.tools.checkstyle.checks.javadoc.JavadocMethodCheck"/>
<error line="15" column="43" severity="error" message="Der Parameter name sollte als &apos;final&apos; deklariert sein." source="com.puppycrawl.tools.checkstyle.checks.FinalParametersCheck"/>
<error line="15" column="56" severity="error" message="Der Parameter bpmnDiagram sollte als &apos;final&apos; deklariert sein." source="com.puppycrawl.tools.checkstyle.checks.FinalParametersCheck"/>
<error line="16" column="25" severity="error" message="Der Parameter process sollte als &apos;final&apos; deklariert sein." source="com.puppycrawl.tools.checkstyle.checks.FinalParametersCheck"/>
<error line="16" column="60" severity="error" message="Der Parameter prevElement sollte als &apos;final&apos; deklariert sein." source="com.puppycrawl.tools.checkstyle.checks.FinalParametersCheck"/>
<error line="17" column="25" severity="error" message="Der Parameter flowName sollte als &apos;final&apos; deklariert sein." source="com.puppycrawl.tools.checkstyle.checks.FinalParametersCheck"/>
<error line="17" column="42" severity="error" message="Der Parameter bpmnLane sollte als &apos;final&apos; deklariert sein." source="com.puppycrawl.tools.checkstyle.checks.FinalParametersCheck"/>
<error line="17" column="61" severity="error" message="Der Parameter grid sollte als &apos;final&apos; deklariert sein." source="com.puppycrawl.tools.checkstyle.checks.FinalParametersCheck"/>
<error line="27" column="47" severity="error" message="Vor &apos;/&apos; befindet sich kein Leerzeichen." source="com.puppycrawl.tools.checkstyle.checks.whitespace.WhitespaceAroundCheck"/>
<error line="27" column="48" severity="error" message="Nach &apos;/&apos; folgt kein Leerzeichen." source="com.puppycrawl.tools.checkstyle.checks.whitespace.WhitespaceAroundCheck"/>
<error line="30" column="47" severity="error" message="Vor &apos;/&apos; befindet sich kein Leerzeichen." source="com.puppycrawl.tools.checkstyle.checks.whitespace.WhitespaceAroundCheck"/>
<error line="30" column="48" severity="error" message="Nach &apos;/&apos; folgt kein Leerzeichen." source="com.puppycrawl.tools.checkstyle.checks.whitespace.WhitespaceAroundCheck"/>
</file>
<file name="C:\_Projekte\Exxeta\planspielBPMNTomEE\src\main\service\bpmn\models\BpmnLane.java">
<error line="24" column="9" severity="error" message="Javadoc-Kommentar fehlt." source="com.puppycrawl.tools.checkstyle.checks.javadoc.JavadocVariableCheck"/>
<error line="24" column="32" severity="error" message="Variable &apos;factory&apos; muss private sein." source="com.puppycrawl.tools.checkstyle.checks.design.VisibilityModifierCheck"/>
<error line="27" column="9" severity="error" message="Javadoc-Kommentar fehlt." source="com.puppycrawl.tools.checkstyle.checks.javadoc.JavadocVariableCheck"/>
<error line="30" column="9" severity="error" message="Javadoc-Kommentar fehlt." source="com.puppycrawl.tools.checkstyle.checks.javadoc.JavadocVariableCheck"/>
<error line="33" column="9" severity="error" message="Javadoc-Kommentar fehlt." source="com.puppycrawl.tools.checkstyle.checks.javadoc.JavadocVariableCheck"/>
<error line="35" column="9" severity="error" message="Javadoc-Kommentar fehlt." source="com.puppycrawl.tools.checkstyle.checks.javadoc.JavadocVariableCheck"/>
<error line="37" column="9" severity="error" message="Javadoc-Kommentar fehlt." source="com.puppycrawl.tools.checkstyle.checks.javadoc.JavadocVariableCheck"/>
<error line="40" column="9" severity="error" message="Javadoc-Kommentar fehlt." source="com.puppycrawl.tools.checkstyle.checks.javadoc.JavadocVariableCheck"/>
<error line="40" column="25" severity="error" message="&apos;10&apos; sollte durch eine Konstante definiert sein." source="com.puppycrawl.tools.checkstyle.checks.coding.MagicNumberCheck"/>
<error line="41" column="9" severity="error" message="Javadoc-Kommentar fehlt." source="com.puppycrawl.tools.checkstyle.checks.javadoc.JavadocVariableCheck"/>
<error line="41" column="25" severity="error" message="&apos;10&apos; sollte durch eine Konstante definiert sein." source="com.puppycrawl.tools.checkstyle.checks.coding.MagicNumberCheck"/>
<error line="42" column="9" severity="error" message="Javadoc-Kommentar fehlt." source="com.puppycrawl.tools.checkstyle.checks.javadoc.JavadocVariableCheck"/>
<error line="42" column="29" severity="error" message="&apos;1200&apos; sollte durch eine Konstante definiert sein." source="com.puppycrawl.tools.checkstyle.checks.coding.MagicNumberCheck"/>
<error line="43" column="9" severity="error" message="Javadoc-Kommentar fehlt." source="com.puppycrawl.tools.checkstyle.checks.javadoc.JavadocVariableCheck"/>
<error line="43" column="30" severity="error" message="&apos;300&apos; sollte durch eine Konstante definiert sein." source="com.puppycrawl.tools.checkstyle.checks.coding.MagicNumberCheck"/>
<error line="45" column="9" severity="error" message="Javadoc-Kommentar fehlt." source="com.puppycrawl.tools.checkstyle.checks.javadoc.JavadocMethodCheck"/>
<error line="45" column="25" severity="error" message="Der Parameter laneName sollte als &apos;final&apos; deklariert sein." source="com.puppycrawl.tools.checkstyle.checks.FinalParametersCheck"/>
<error line="45" column="42" severity="error" message="Der Parameter bpmnDiagram sollte als &apos;final&apos; deklariert sein." source="com.puppycrawl.tools.checkstyle.checks.FinalParametersCheck"/>
<error line="72" severity="error" message="Der erste Satz sollte mit einem Punkt abschließen." source="com.puppycrawl.tools.checkstyle.checks.javadoc.JavadocStyleCheck"/>
<error line="76" column="9" severity="error" message="Die Methode &apos;AddElement&apos; ist nicht für Vererbung entworfen - muss abstract, final oder leer sein." source="com.puppycrawl.tools.checkstyle.checks.design.DesignForExtensionCheck"/>
<error line="76" column="21" severity="error" message="&apos;AddElement&apos; entspricht nicht dem Muster &apos;^[a-z][a-zA-Z0-9]*$&apos;." source="com.puppycrawl.tools.checkstyle.checks.naming.MethodNameCheck"/>
<error line="76" column="32" severity="error" message="Der Parameter element sollte als &apos;final&apos; deklariert sein." source="com.puppycrawl.tools.checkstyle.checks.FinalParametersCheck"/>
<error line="76" column="44" severity="error" message="Erwartete Tag @param für &apos;element&apos;." source="com.puppycrawl.tools.checkstyle.checks.javadoc.JavadocMethodCheck"/>
<error line="81" column="9" severity="error" message="Die Methode &apos;getX&apos; ist nicht für Vererbung entworfen - muss abstract, final oder leer sein." source="com.puppycrawl.tools.checkstyle.checks.design.DesignForExtensionCheck"/>
<error line="81" column="9" severity="error" message="Javadoc-Kommentar fehlt." source="com.puppycrawl.tools.checkstyle.checks.javadoc.JavadocMethodCheck"/>
<error line="85" column="9" severity="error" message="Die Methode &apos;getY&apos; ist nicht für Vererbung entworfen - muss abstract, final oder leer sein." source="com.puppycrawl.tools.checkstyle.checks.design.DesignForExtensionCheck"/>
<error line="85" column="9" severity="error" message="Javadoc-Kommentar fehlt." source="com.puppycrawl.tools.checkstyle.checks.javadoc.JavadocMethodCheck"/>
<error line="89" column="9" severity="error" message="Die Methode &apos;getWidth&apos; ist nicht für Vererbung entworfen - muss abstract, final oder leer sein." source="com.puppycrawl.tools.checkstyle.checks.design.DesignForExtensionCheck"/>
<error line="89" column="9" severity="error" message="Javadoc-Kommentar fehlt." source="com.puppycrawl.tools.checkstyle.checks.javadoc.JavadocMethodCheck"/>
<error line="93" column="9" severity="error" message="Die Methode &apos;getHeight&apos; ist nicht für Vererbung entworfen - muss abstract, final oder leer sein." source="com.puppycrawl.tools.checkstyle.checks.design.DesignForExtensionCheck"/>
<error line="93" column="9" severity="error" message="Javadoc-Kommentar fehlt." source="com.puppycrawl.tools.checkstyle.checks.javadoc.JavadocMethodCheck"/>
<error line="97" column="9" severity="error" message="Die Methode &apos;getLane&apos; ist nicht für Vererbung entworfen - muss abstract, final oder leer sein." source="com.puppycrawl.tools.checkstyle.checks.design.DesignForExtensionCheck"/>
<error line="97" column="9" severity="error" message="Javadoc-Kommentar fehlt." source="com.puppycrawl.tools.checkstyle.checks.javadoc.JavadocMethodCheck"/>
<error line="101" column="9" severity="error" message="Die Methode &apos;setX&apos; ist nicht für Vererbung entworfen - muss abstract, final oder leer sein." source="com.puppycrawl.tools.checkstyle.checks.design.DesignForExtensionCheck"/>
<error line="101" column="9" severity="error" message="Javadoc-Kommentar fehlt." source="com.puppycrawl.tools.checkstyle.checks.javadoc.JavadocMethodCheck"/>
<error line="101" column="26" severity="error" message="Der Parameter x sollte als &apos;final&apos; deklariert sein." source="com.puppycrawl.tools.checkstyle.checks.FinalParametersCheck"/>
<error line="101" column="30" severity="error" message="&apos;x&apos; verbirgt ein Feld." source="com.puppycrawl.tools.checkstyle.checks.coding.HiddenFieldCheck"/>
<error line="107" column="9" severity="error" message="Die Methode &apos;setY&apos; ist nicht für Vererbung entworfen - muss abstract, final oder leer sein." source="com.puppycrawl.tools.checkstyle.checks.design.DesignForExtensionCheck"/>
<error line="107" column="9" severity="error" message="Javadoc-Kommentar fehlt." source="com.puppycrawl.tools.checkstyle.checks.javadoc.JavadocMethodCheck"/>
<error line="107" column="26" severity="error" message="Der Parameter y sollte als &apos;final&apos; deklariert sein." source="com.puppycrawl.tools.checkstyle.checks.FinalParametersCheck"/>
<error line="107" column="30" severity="error" message="&apos;y&apos; verbirgt ein Feld." source="com.puppycrawl.tools.checkstyle.checks.coding.HiddenFieldCheck"/>
<error line="112" column="9" severity="error" message="Die Methode &apos;setWidth&apos; ist nicht für Vererbung entworfen - muss abstract, final oder leer sein." source="com.puppycrawl.tools.checkstyle.checks.design.DesignForExtensionCheck"/>
<error line="112" column="9" severity="error" message="Javadoc-Kommentar fehlt." source="com.puppycrawl.tools.checkstyle.checks.javadoc.JavadocMethodCheck"/>
<error line="112" column="30" severity="error" message="Der Parameter width sollte als &apos;final&apos; deklariert sein." source="com.puppycrawl.tools.checkstyle.checks.FinalParametersCheck"/>
<error line="112" column="34" severity="error" message="&apos;width&apos; verbirgt ein Feld." source="com.puppycrawl.tools.checkstyle.checks.coding.HiddenFieldCheck"/>
<error line="118" column="9" severity="error" message="Die Methode &apos;setHeight&apos; ist nicht für Vererbung entworfen - muss abstract, final oder leer sein." source="com.puppycrawl.tools.checkstyle.checks.design.DesignForExtensionCheck"/>
<error line="118" column="9" severity="error" message="Javadoc-Kommentar fehlt." source="com.puppycrawl.tools.checkstyle.checks.javadoc.JavadocMethodCheck"/>
<error line="118" column="31" severity="error" message="Der Parameter height sollte als &apos;final&apos; deklariert sein." source="com.puppycrawl.tools.checkstyle.checks.FinalParametersCheck"/>
<error line="118" column="35" severity="error" message="&apos;height&apos; verbirgt ein Feld." source="com.puppycrawl.tools.checkstyle.checks.coding.HiddenFieldCheck"/>
<error line="123" column="9" severity="error" message="Die Methode &apos;hashCode&apos; ist nicht für Vererbung entworfen - muss abstract, final oder leer sein." source="com.puppycrawl.tools.checkstyle.checks.design.DesignForExtensionCheck"/>
<error line="127" column="59" severity="error" message="Der Bedingungsoperator sollte vermieden werden." source="com.puppycrawl.tools.checkstyle.checks.coding.AvoidInlineConditionalsCheck"/>
<error line="131" column="9" severity="error" message="Die Methode &apos;equals&apos; ist nicht für Vererbung entworfen - muss abstract, final oder leer sein." source="com.puppycrawl.tools.checkstyle.checks.design.DesignForExtensionCheck"/>
<error line="132" column="31" severity="error" message="Der Parameter obj sollte als &apos;final&apos; deklariert sein." source="com.puppycrawl.tools.checkstyle.checks.FinalParametersCheck"/>
<error line="133" severity="error" message="Das &apos;if&apos;-Konstrukt muss &apos;{}&apos; benutzen." source="com.puppycrawl.tools.checkstyle.checks.blocks.NeedBracesCheck"/>
<error line="135" severity="error" message="Das &apos;if&apos;-Konstrukt muss &apos;{}&apos; benutzen." source="com.puppycrawl.tools.checkstyle.checks.blocks.NeedBracesCheck"/>
<error line="137" severity="error" message="Das &apos;if&apos;-Konstrukt muss &apos;{}&apos; benutzen." source="com.puppycrawl.tools.checkstyle.checks.blocks.NeedBracesCheck"/>
<error line="141" severity="error" message="Das &apos;if&apos;-Konstrukt muss &apos;{}&apos; benutzen." source="com.puppycrawl.tools.checkstyle.checks.blocks.NeedBracesCheck"/>
<error line="143" severity="error" message="Das &apos;if&apos;-Konstrukt muss &apos;{}&apos; benutzen." source="com.puppycrawl.tools.checkstyle.checks.blocks.NeedBracesCheck"/>
<error line="148" column="9" severity="error" message="Die Methode &apos;toString&apos; ist nicht für Vererbung entworfen - muss abstract, final oder leer sein." source="com.puppycrawl.tools.checkstyle.checks.design.DesignForExtensionCheck"/>
</file>
<file name="C:\_Projekte\Exxeta\planspielBPMNTomEE\src\main\service\bpmn\models\BpmnPool.java">
<error line="31" column="9" severity="error" message="Javadoc-Kommentar fehlt." source="com.puppycrawl.tools.checkstyle.checks.javadoc.JavadocVariableCheck"/>
<error line="32" column="9" severity="error" message="Javadoc-Kommentar fehlt." source="com.puppycrawl.tools.checkstyle.checks.javadoc.JavadocVariableCheck"/>
<error line="33" column="9" severity="error" message="Javadoc-Kommentar fehlt." source="com.puppycrawl.tools.checkstyle.checks.javadoc.JavadocVariableCheck"/>
<error line="34" column="9" severity="error" message="Javadoc-Kommentar fehlt." source="com.puppycrawl.tools.checkstyle.checks.javadoc.JavadocVariableCheck"/>
<error line="36" column="9" severity="error" message="Javadoc-Kommentar fehlt." source="com.puppycrawl.tools.checkstyle.checks.javadoc.JavadocVariableCheck"/>
<error line="39" column="9" severity="error" message="Javadoc-Kommentar fehlt." source="com.puppycrawl.tools.checkstyle.checks.javadoc.JavadocVariableCheck"/>
<error line="42" column="9" severity="error" message="Javadoc-Kommentar fehlt." source="com.puppycrawl.tools.checkstyle.checks.javadoc.JavadocVariableCheck"/>
<error line="42" column="25" severity="error" message="&apos;10&apos; sollte durch eine Konstante definiert sein." source="com.puppycrawl.tools.checkstyle.checks.coding.MagicNumberCheck"/>
<error line="43" column="9" severity="error" message="Javadoc-Kommentar fehlt." source="com.puppycrawl.tools.checkstyle.checks.javadoc.JavadocVariableCheck"/>
<error line="43" column="25" severity="error" message="&apos;10&apos; sollte durch eine Konstante definiert sein." source="com.puppycrawl.tools.checkstyle.checks.coding.MagicNumberCheck"/>
<error line="44" column="9" severity="error" message="Javadoc-Kommentar fehlt." source="com.puppycrawl.tools.checkstyle.checks.javadoc.JavadocVariableCheck"/>
<error line="44" column="29" severity="error" message="&apos;1200&apos; sollte durch eine Konstante definiert sein." source="com.puppycrawl.tools.checkstyle.checks.coding.MagicNumberCheck"/>
<error line="45" column="9" severity="error" message="Javadoc-Kommentar fehlt." source="com.puppycrawl.tools.checkstyle.checks.javadoc.JavadocVariableCheck"/>
<error line="45" column="30" severity="error" message="&apos;300&apos; sollte durch eine Konstante definiert sein." source="com.puppycrawl.tools.checkstyle.checks.coding.MagicNumberCheck"/>
<error line="48" column="9" severity="error" message="Javadoc-Kommentar fehlt." source="com.puppycrawl.tools.checkstyle.checks.javadoc.JavadocVariableCheck"/>
<error line="49" column="9" severity="error" message="Javadoc-Kommentar fehlt." source="com.puppycrawl.tools.checkstyle.checks.javadoc.JavadocVariableCheck"/>
<error line="51" severity="error" message="Der erste Satz sollte mit einem Punkt abschließen." source="com.puppycrawl.tools.checkstyle.checks.javadoc.JavadocStyleCheck"/>
<error line="58" column="25" severity="error" message="Der Parameter poolName sollte als &apos;final&apos; deklariert sein." source="com.puppycrawl.tools.checkstyle.checks.FinalParametersCheck"/>
<error line="58" column="32" severity="error" message="Erwartete Tag @param für &apos;poolName&apos;." source="com.puppycrawl.tools.checkstyle.checks.javadoc.JavadocMethodCheck"/>
<error line="58" column="42" severity="error" message="Der Parameter bpmnDiagram sollte als &apos;final&apos; deklariert sein." source="com.puppycrawl.tools.checkstyle.checks.FinalParametersCheck"/>
<error line="58" column="54" severity="error" message="&apos;bpmnDiagram&apos; verbirgt ein Feld." source="com.puppycrawl.tools.checkstyle.checks.coding.HiddenFieldCheck"/>
<error line="58" column="54" severity="error" message="Erwartete Tag @param für &apos;bpmnDiagram&apos;." source="com.puppycrawl.tools.checkstyle.checks.javadoc.JavadocMethodCheck"/>
<error line="58" column="67" severity="error" message="Der Parameter definitions sollte als &apos;final&apos; deklariert sein." source="com.puppycrawl.tools.checkstyle.checks.FinalParametersCheck"/>
<error line="58" column="79" severity="error" message="&apos;definitions&apos; verbirgt ein Feld." source="com.puppycrawl.tools.checkstyle.checks.coding.HiddenFieldCheck"/>
<error line="58" column="79" severity="error" message="Erwartete Tag @param für &apos;definitions&apos;." source="com.puppycrawl.tools.checkstyle.checks.javadoc.JavadocMethodCheck"/>
<error line="58" column="92" severity="error" message="Der Parameter process sollte als &apos;final&apos; deklariert sein." source="com.puppycrawl.tools.checkstyle.checks.FinalParametersCheck"/>
<error line="58" column="118" severity="error" message="&apos;process&apos; verbirgt ein Feld." source="com.puppycrawl.tools.checkstyle.checks.coding.HiddenFieldCheck"/>
<error line="58" column="118" severity="error" message="Erwartete Tag @param für &apos;process&apos;." source="com.puppycrawl.tools.checkstyle.checks.javadoc.JavadocMethodCheck"/>
<error line="101" severity="error" message="Der erste Satz sollte mit einem Punkt abschließen." source="com.puppycrawl.tools.checkstyle.checks.javadoc.JavadocStyleCheck"/>
<error line="106" column="39" severity="error" message="Der Parameter addHeight sollte als &apos;final&apos; deklariert sein." source="com.puppycrawl.tools.checkstyle.checks.FinalParametersCheck"/>
<error line="106" column="54" severity="error" message="Der Parameter addWidth sollte als &apos;final&apos; deklariert sein." source="com.puppycrawl.tools.checkstyle.checks.FinalParametersCheck"/>
<error line="111" severity="error" message="Der erste Satz sollte mit einem Punkt abschließen." source="com.puppycrawl.tools.checkstyle.checks.javadoc.JavadocStyleCheck"/>
<error line="118" column="9" severity="error" message="Die Methode &apos;addLane&apos; ist nicht für Vererbung entworfen - muss abstract, final oder leer sein." source="com.puppycrawl.tools.checkstyle.checks.design.DesignForExtensionCheck"/>
<error line="118" column="33" severity="error" message="Der Parameter laneName sollte als &apos;final&apos; deklariert sein." source="com.puppycrawl.tools.checkstyle.checks.FinalParametersCheck"/>
<error line="125" column="43" severity="error" message="&apos;30&apos; sollte durch eine Konstante definiert sein." source="com.puppycrawl.tools.checkstyle.checks.coding.MagicNumberCheck"/>
<error line="126" column="35" severity="error" message="&apos;30&apos; sollte durch eine Konstante definiert sein." source="com.puppycrawl.tools.checkstyle.checks.coding.MagicNumberCheck"/>
<error line="141" column="9" severity="error" message="Die Methode &apos;getX&apos; ist nicht für Vererbung entworfen - muss abstract, final oder leer sein." source="com.puppycrawl.tools.checkstyle.checks.design.DesignForExtensionCheck"/>
<error line="141" column="9" severity="error" message="Javadoc-Kommentar fehlt." source="com.puppycrawl.tools.checkstyle.checks.javadoc.JavadocMethodCheck"/>
<error line="145" column="9" severity="error" message="Die Methode &apos;setX&apos; ist nicht für Vererbung entworfen - muss abstract, final oder leer sein." source="com.puppycrawl.tools.checkstyle.checks.design.DesignForExtensionCheck"/>
<error line="145" column="9" severity="error" message="Javadoc-Kommentar fehlt." source="com.puppycrawl.tools.checkstyle.checks.javadoc.JavadocMethodCheck"/>
<error line="145" column="26" severity="error" message="Der Parameter x sollte als &apos;final&apos; deklariert sein." source="com.puppycrawl.tools.checkstyle.checks.FinalParametersCheck"/>
<error line="145" column="30" severity="error" message="&apos;x&apos; verbirgt ein Feld." source="com.puppycrawl.tools.checkstyle.checks.coding.HiddenFieldCheck"/>
<error line="150" column="9" severity="error" message="Die Methode &apos;getY&apos; ist nicht für Vererbung entworfen - muss abstract, final oder leer sein." source="com.puppycrawl.tools.checkstyle.checks.design.DesignForExtensionCheck"/>
<error line="150" column="9" severity="error" message="Javadoc-Kommentar fehlt." source="com.puppycrawl.tools.checkstyle.checks.javadoc.JavadocMethodCheck"/>
<error line="154" column="9" severity="error" message="Die Methode &apos;setY&apos; ist nicht für Vererbung entworfen - muss abstract, final oder leer sein." source="com.puppycrawl.tools.checkstyle.checks.design.DesignForExtensionCheck"/>
<error line="154" column="9" severity="error" message="Javadoc-Kommentar fehlt." source="com.puppycrawl.tools.checkstyle.checks.javadoc.JavadocMethodCheck"/>
<error line="154" column="26" severity="error" message="Der Parameter y sollte als &apos;final&apos; deklariert sein." source="com.puppycrawl.tools.checkstyle.checks.FinalParametersCheck"/>
<error line="154" column="30" severity="error" message="&apos;y&apos; verbirgt ein Feld." source="com.puppycrawl.tools.checkstyle.checks.coding.HiddenFieldCheck"/>
<error line="159" column="9" severity="error" message="Die Methode &apos;getWidth&apos; ist nicht für Vererbung entworfen - muss abstract, final oder leer sein." source="com.puppycrawl.tools.checkstyle.checks.design.DesignForExtensionCheck"/>
<error line="159" column="9" severity="error" message="Javadoc-Kommentar fehlt." source="com.puppycrawl.tools.checkstyle.checks.javadoc.JavadocMethodCheck"/>
<error line="163" column="9" severity="error" message="Die Methode &apos;setWidth&apos; ist nicht für Vererbung entworfen - muss abstract, final oder leer sein." source="com.puppycrawl.tools.checkstyle.checks.design.DesignForExtensionCheck"/>
<error line="163" column="9" severity="error" message="Javadoc-Kommentar fehlt." source="com.puppycrawl.tools.checkstyle.checks.javadoc.JavadocMethodCheck"/>
<error line="163" column="30" severity="error" message="Der Parameter width sollte als &apos;final&apos; deklariert sein." source="com.puppycrawl.tools.checkstyle.checks.FinalParametersCheck"/>
<error line="163" column="34" severity="error" message="&apos;width&apos; verbirgt ein Feld." source="com.puppycrawl.tools.checkstyle.checks.coding.HiddenFieldCheck"/>
<error line="168" column="9" severity="error" message="Die Methode &apos;getHeight&apos; ist nicht für Vererbung entworfen - muss abstract, final oder leer sein." source="com.puppycrawl.tools.checkstyle.checks.design.DesignForExtensionCheck"/>
<error line="168" column="9" severity="error" message="Javadoc-Kommentar fehlt." source="com.puppycrawl.tools.checkstyle.checks.javadoc.JavadocMethodCheck"/>
<error line="172" column="9" severity="error" message="Die Methode &apos;setHeight&apos; ist nicht für Vererbung entworfen - muss abstract, final oder leer sein." source="com.puppycrawl.tools.checkstyle.checks.design.DesignForExtensionCheck"/>
<error line="172" column="9" severity="error" message="Javadoc-Kommentar fehlt." source="com.puppycrawl.tools.checkstyle.checks.javadoc.JavadocMethodCheck"/>
<error line="172" column="31" severity="error" message="Der Parameter height sollte als &apos;final&apos; deklariert sein." source="com.puppycrawl.tools.checkstyle.checks.FinalParametersCheck"/>
<error line="172" column="35" severity="error" message="&apos;height&apos; verbirgt ein Feld." source="com.puppycrawl.tools.checkstyle.checks.coding.HiddenFieldCheck"/>
<error line="177" column="9" severity="error" message="Die Methode &apos;setName&apos; ist nicht für Vererbung entworfen - muss abstract, final oder leer sein." source="com.puppycrawl.tools.checkstyle.checks.design.DesignForExtensionCheck"/>
<error line="177" column="9" severity="error" message="Javadoc-Kommentar fehlt." source="com.puppycrawl.tools.checkstyle.checks.javadoc.JavadocMethodCheck"/>
<error line="177" column="29" severity="error" message="Der Parameter name sollte als &apos;final&apos; deklariert sein." source="com.puppycrawl.tools.checkstyle.checks.FinalParametersCheck"/>
<error line="181" column="9" severity="error" message="Die Methode &apos;getName&apos; ist nicht für Vererbung entworfen - muss abstract, final oder leer sein." source="com.puppycrawl.tools.checkstyle.checks.design.DesignForExtensionCheck"/>
<error line="181" column="9" severity="error" message="Javadoc-Kommentar fehlt." source="com.puppycrawl.tools.checkstyle.checks.javadoc.JavadocMethodCheck"/>
<error line="185" column="9" severity="error" message="Die Methode &apos;toString&apos; ist nicht für Vererbung entworfen - muss abstract, final oder leer sein." source="com.puppycrawl.tools.checkstyle.checks.design.DesignForExtensionCheck"/>
</file>
<file name="C:\_Projekte\Exxeta\planspielBPMNTomEE\src\main\service\bpmn\models\BpmnStartEvent.java">
<error line="25" column="31" severity="error" message="Der Parameter name sollte als &apos;final&apos; deklariert sein." source="com.puppycrawl.tools.checkstyle.checks.FinalParametersCheck"/>
<error line="25" column="38" severity="error" message="Erwartete Tag @param für &apos;name&apos;." source="com.puppycrawl.tools.checkstyle.checks.javadoc.JavadocMethodCheck"/>
<error line="25" column="44" severity="error" message="Der Parameter bpmnDiagram sollte als &apos;final&apos; deklariert sein." source="com.puppycrawl.tools.checkstyle.checks.FinalParametersCheck"/>
<error line="25" column="56" severity="error" message="Erwartete Tag @param für &apos;bpmnDiagram&apos;." source="com.puppycrawl.tools.checkstyle.checks.javadoc.JavadocMethodCheck"/>
<error line="26" column="25" severity="error" message="Der Parameter process sollte als &apos;final&apos; deklariert sein." source="com.puppycrawl.tools.checkstyle.checks.FinalParametersCheck"/>
<error line="26" column="51" severity="error" message="Erwartete Tag @param für &apos;process&apos;." source="com.puppycrawl.tools.checkstyle.checks.javadoc.JavadocMethodCheck"/>
<error line="26" column="60" severity="error" message="Der Parameter prevElement sollte als &apos;final&apos; deklariert sein." source="com.puppycrawl.tools.checkstyle.checks.FinalParametersCheck"/>
<error line="26" column="72" severity="error" message="Erwartete Tag @param für &apos;prevElement&apos;." source="com.puppycrawl.tools.checkstyle.checks.javadoc.JavadocMethodCheck"/>
<error line="27" column="25" severity="error" message="Der Parameter flowName sollte als &apos;final&apos; deklariert sein." source="com.puppycrawl.tools.checkstyle.checks.FinalParametersCheck"/>
<error line="27" column="32" severity="error" message="Erwartete Tag @param für &apos;flowName&apos;." source="com.puppycrawl.tools.checkstyle.checks.javadoc.JavadocMethodCheck"/>
<error line="27" column="42" severity="error" message="Der Parameter bpmnLane sollte als &apos;final&apos; deklariert sein." source="com.puppycrawl.tools.checkstyle.checks.FinalParametersCheck"/>
<error line="27" column="51" severity="error" message="Erwartete Tag @param für &apos;bpmnLane&apos;." source="com.puppycrawl.tools.checkstyle.checks.javadoc.JavadocMethodCheck"/>
<error line="27" column="61" severity="error" message="Der Parameter grid sollte als &apos;final&apos; deklariert sein." source="com.puppycrawl.tools.checkstyle.checks.FinalParametersCheck"/>
<error line="27" column="66" severity="error" message="Erwartete Tag @param für &apos;grid&apos;." source="com.puppycrawl.tools.checkstyle.checks.javadoc.JavadocMethodCheck"/>
<error line="37" column="47" severity="error" message="Vor &apos;/&apos; befindet sich kein Leerzeichen." source="com.puppycrawl.tools.checkstyle.checks.whitespace.WhitespaceAroundCheck"/>
<error line="37" column="48" severity="error" message="Nach &apos;/&apos; folgt kein Leerzeichen." source="com.puppycrawl.tools.checkstyle.checks.whitespace.WhitespaceAroundCheck"/>
<error line="40" column="47" severity="error" message="Vor &apos;/&apos; befindet sich kein Leerzeichen." source="com.puppycrawl.tools.checkstyle.checks.whitespace.WhitespaceAroundCheck"/>
<error line="40" column="48" severity="error" message="Nach &apos;/&apos; folgt kein Leerzeichen." source="com.puppycrawl.tools.checkstyle.checks.whitespace.WhitespaceAroundCheck"/>
</file>
<file name="C:\_Projekte\Exxeta\planspielBPMNTomEE\src\main\service\bpmn\models\BpmnUserTask.java">
<error line="14" column="9" severity="error" message="Javadoc-Kommentar fehlt." source="com.puppycrawl.tools.checkstyle.checks.javadoc.JavadocMethodCheck"/>
<error line="14" column="29" severity="error" message="Der Parameter name sollte als &apos;final&apos; deklariert sein." source="com.puppycrawl.tools.checkstyle.checks.FinalParametersCheck"/>
<error line="14" column="42" severity="error" message="Der Parameter bpmnDiagram sollte als &apos;final&apos; deklariert sein." source="com.puppycrawl.tools.checkstyle.checks.FinalParametersCheck"/>
<error line="15" column="25" severity="error" message="Der Parameter process sollte als &apos;final&apos; deklariert sein." source="com.puppycrawl.tools.checkstyle.checks.FinalParametersCheck"/>
<error line="15" column="60" severity="error" message="Der Parameter prevElement sollte als &apos;final&apos; deklariert sein." source="com.puppycrawl.tools.checkstyle.checks.FinalParametersCheck"/>
<error line="16" column="25" severity="error" message="Der Parameter flowName sollte als &apos;final&apos; deklariert sein." source="com.puppycrawl.tools.checkstyle.checks.FinalParametersCheck"/>
<error line="16" column="42" severity="error" message="Der Parameter bpmnLane sollte als &apos;final&apos; deklariert sein." source="com.puppycrawl.tools.checkstyle.checks.FinalParametersCheck"/>
<error line="16" column="61" severity="error" message="Der Parameter grid sollte als &apos;final&apos; deklariert sein." source="com.puppycrawl.tools.checkstyle.checks.FinalParametersCheck"/>
<error line="24" column="41" severity="error" message="Nach &apos;(&apos; folgt ein Leerzeichen." source="com.puppycrawl.tools.checkstyle.checks.whitespace.ParenPadCheck"/>
</file>
<file name="C:\_Projekte\Exxeta\planspielBPMNTomEE\src\main\service\bpmn\models\Grid.java">
<error line="12" column="9" severity="error" message="Javadoc-Kommentar fehlt." source="com.puppycrawl.tools.checkstyle.checks.javadoc.JavadocVariableCheck"/>
<error line="13" column="9" severity="error" message="Javadoc-Kommentar fehlt." source="com.puppycrawl.tools.checkstyle.checks.javadoc.JavadocVariableCheck"/>
<error line="14" column="9" severity="error" message="Javadoc-Kommentar fehlt." source="com.puppycrawl.tools.checkstyle.checks.javadoc.JavadocVariableCheck"/>
<error line="14" column="29" severity="error" message="&apos;8&apos; sollte durch eine Konstante definiert sein." source="com.puppycrawl.tools.checkstyle.checks.coding.MagicNumberCheck"/>
<error line="15" column="9" severity="error" message="Javadoc-Kommentar fehlt." source="com.puppycrawl.tools.checkstyle.checks.javadoc.JavadocVariableCheck"/>
<error line="16" column="9" severity="error" message="Javadoc-Kommentar fehlt." source="com.puppycrawl.tools.checkstyle.checks.javadoc.JavadocVariableCheck"/>
<error line="16" column="33" severity="error" message="&apos;240&apos; sollte durch eine Konstante definiert sein." source="com.puppycrawl.tools.checkstyle.checks.coding.MagicNumberCheck"/>
<error line="17" column="9" severity="error" message="Javadoc-Kommentar fehlt." source="com.puppycrawl.tools.checkstyle.checks.javadoc.JavadocVariableCheck"/>
<error line="17" column="34" severity="error" message="&apos;120&apos; sollte durch eine Konstante definiert sein." source="com.puppycrawl.tools.checkstyle.checks.coding.MagicNumberCheck"/>
<error line="18" column="9" severity="error" message="Javadoc-Kommentar fehlt." source="com.puppycrawl.tools.checkstyle.checks.javadoc.JavadocVariableCheck"/>
<error line="19" column="9" severity="error" message="Javadoc-Kommentar fehlt." source="com.puppycrawl.tools.checkstyle.checks.javadoc.JavadocVariableCheck"/>
<error line="22" column="9" severity="error" message="Javadoc-Kommentar fehlt." source="com.puppycrawl.tools.checkstyle.checks.javadoc.JavadocMethodCheck"/>
<error line="27" severity="error" message="Der erste Satz sollte mit einem Punkt abschließen." source="com.puppycrawl.tools.checkstyle.checks.javadoc.JavadocStyleCheck"/>
<error line="31" column="21" severity="error" message="Der Parameter lanes sollte als &apos;final&apos; deklariert sein." source="com.puppycrawl.tools.checkstyle.checks.FinalParametersCheck"/>
<error line="31" column="36" severity="error" message="&apos;lanes&apos; verbirgt ein Feld." source="com.puppycrawl.tools.checkstyle.checks.coding.HiddenFieldCheck"/>
<error line="31" column="36" severity="error" message="Erwartete Tag @param für &apos;lanes&apos;." source="com.puppycrawl.tools.checkstyle.checks.javadoc.JavadocMethodCheck"/>
<error line="45" severity="error" message="Der erste Satz sollte mit einem Punkt abschließen." source="com.puppycrawl.tools.checkstyle.checks.javadoc.JavadocStyleCheck"/>
<error line="51" column="9" severity="error" message="Die Methode &apos;addElement&apos; ist nicht für Vererbung entworfen - muss abstract, final oder leer sein." source="com.puppycrawl.tools.checkstyle.checks.design.DesignForExtensionCheck"/>
<error line="51" column="33" severity="error" message="Der Parameter element sollte als &apos;final&apos; deklariert sein." source="com.puppycrawl.tools.checkstyle.checks.FinalParametersCheck"/>
<error line="51" column="45" severity="error" message="Erwartete Tag @param für &apos;element&apos;." source="com.puppycrawl.tools.checkstyle.checks.javadoc.JavadocMethodCheck"/>
<error line="51" column="54" severity="error" message="Der Parameter previousElement sollte als &apos;final&apos; deklariert sein." source="com.puppycrawl.tools.checkstyle.checks.FinalParametersCheck"/>
<error line="51" column="66" severity="error" message="Erwartete Tag @param für &apos;previousElement&apos;." source="com.puppycrawl.tools.checkstyle.checks.javadoc.JavadocMethodCheck"/>
<error line="73" severity="error" message="Das &apos;if&apos;-Konstrukt muss &apos;{}&apos; benutzen." source="com.puppycrawl.tools.checkstyle.checks.blocks.NeedBracesCheck"/>
<error line="91" severity="error" message="Das &apos;if&apos;-Konstrukt muss &apos;{}&apos; benutzen." source="com.puppycrawl.tools.checkstyle.checks.blocks.NeedBracesCheck"/>
<error line="94" severity="error" message="Das &apos;if&apos;-Konstrukt muss &apos;{}&apos; benutzen." source="com.puppycrawl.tools.checkstyle.checks.blocks.NeedBracesCheck"/>
<error line="97" severity="error" message="Das &apos;if&apos;-Konstrukt muss &apos;{}&apos; benutzen." source="com.puppycrawl.tools.checkstyle.checks.blocks.NeedBracesCheck"/>
<error line="131" column="35" severity="error" message="Nach &apos;{&apos; folgt ein Leerzeichen." source="com.puppycrawl.tools.checkstyle.checks.whitespace.NoWhitespaceAfterCheck"/>
<error line="134" severity="error" message="Der erste Satz sollte mit einem Punkt abschließen." source="com.puppycrawl.tools.checkstyle.checks.javadoc.JavadocStyleCheck"/>
<error line="139" column="9" severity="error" message="Die Methode &apos;getDepth&apos; ist nicht für Vererbung entworfen - muss abstract, final oder leer sein." source="com.puppycrawl.tools.checkstyle.checks.design.DesignForExtensionCheck"/>
<error line="139" column="29" severity="error" message="Vor &apos;(&apos; befindet sich ein Leerzeichen." source="com.puppycrawl.tools.checkstyle.checks.whitespace.MethodParamPadCheck"/>
<error line="139" column="30" severity="error" message="Der Parameter element sollte als &apos;final&apos; deklariert sein." source="com.puppycrawl.tools.checkstyle.checks.FinalParametersCheck"/>
<error line="139" column="42" severity="error" message="Erwartete Tag @param für &apos;element&apos;." source="com.puppycrawl.tools.checkstyle.checks.javadoc.JavadocMethodCheck"/>
<error line="143" severity="error" message="Das &apos;if&apos;-Konstrukt muss &apos;{}&apos; benutzen." source="com.puppycrawl.tools.checkstyle.checks.blocks.NeedBracesCheck"/>
<error line="149" severity="error" message="Das &apos;if&apos;-Konstrukt muss &apos;{}&apos; benutzen." source="com.puppycrawl.tools.checkstyle.checks.blocks.NeedBracesCheck"/>
<error line="156" column="9" severity="error" message="Die Methode &apos;getDepth1&apos; ist nicht für Vererbung entworfen - muss abstract, final oder leer sein." source="com.puppycrawl.tools.checkstyle.checks.design.DesignForExtensionCheck"/>
<error line="156" column="9" severity="error" message="Javadoc-Kommentar fehlt." source="com.puppycrawl.tools.checkstyle.checks.javadoc.JavadocMethodCheck"/>
<error line="157" column="30" severity="error" message="Vor &apos;(&apos; befindet sich ein Leerzeichen." source="com.puppycrawl.tools.checkstyle.checks.whitespace.MethodParamPadCheck"/>
<error line="157" column="31" severity="error" message="Der Parameter element sollte als &apos;final&apos; deklariert sein." source="com.puppycrawl.tools.checkstyle.checks.FinalParametersCheck"/>
<error line="158" severity="error" message="Das &apos;if&apos;-Konstrukt muss &apos;{}&apos; benutzen." source="com.puppycrawl.tools.checkstyle.checks.blocks.NeedBracesCheck"/>
<error line="171" severity="error" message="Der erste Satz sollte mit einem Punkt abschließen." source="com.puppycrawl.tools.checkstyle.checks.javadoc.JavadocStyleCheck"/>
<error line="177" column="9" severity="error" message="Die Methode &apos;isPositionFree&apos; ist nicht für Vererbung entworfen - muss abstract, final oder leer sein." source="com.puppycrawl.tools.checkstyle.checks.design.DesignForExtensionCheck"/>
<error line="177" column="39" severity="error" message="Der Parameter x sollte als &apos;final&apos; deklariert sein." source="com.puppycrawl.tools.checkstyle.checks.FinalParametersCheck"/>
<error line="177" column="43" severity="error" message="Erwartete Tag @param für &apos;x&apos;." source="com.puppycrawl.tools.checkstyle.checks.javadoc.JavadocMethodCheck"/>
<error line="177" column="46" severity="error" message="Der Parameter y sollte als &apos;final&apos; deklariert sein." source="com.puppycrawl.tools.checkstyle.checks.FinalParametersCheck"/>
<error line="177" column="50" severity="error" message="Erwartete Tag @param für &apos;y&apos;." source="com.puppycrawl.tools.checkstyle.checks.javadoc.JavadocMethodCheck"/>
<error line="178" severity="error" message="Das &apos;if&apos;-Konstrukt muss &apos;{}&apos; benutzen." source="com.puppycrawl.tools.checkstyle.checks.blocks.NeedBracesCheck"/>
<error line="184" severity="error" message="Der erste Satz sollte mit einem Punkt abschließen." source="com.puppycrawl.tools.checkstyle.checks.javadoc.JavadocStyleCheck"/>
<error line="190" column="9" severity="error" message="Die Methode &apos;isRowEmptyFromHere&apos; ist nicht für Vererbung entworfen - muss abstract, final oder leer sein." source="com.puppycrawl.tools.checkstyle.checks.design.DesignForExtensionCheck"/>
<error line="190" column="43" severity="error" message="Der Parameter column sollte als &apos;final&apos; deklariert sein." source="com.puppycrawl.tools.checkstyle.checks.FinalParametersCheck"/>
<error line="190" column="55" severity="error" message="Der Parameter row sollte als &apos;final&apos; deklariert sein." source="com.puppycrawl.tools.checkstyle.checks.FinalParametersCheck"/>
<error line="192" severity="error" message="Das &apos;if&apos;-Konstrukt muss &apos;{}&apos; benutzen." source="com.puppycrawl.tools.checkstyle.checks.blocks.NeedBracesCheck"/>
<error line="198" severity="error" message="Der erste Satz sollte mit einem Punkt abschließen." source="com.puppycrawl.tools.checkstyle.checks.javadoc.JavadocStyleCheck"/>
<error line="202" column="9" severity="error" message="Die Methode &apos;addColumn&apos; ist nicht für Vererbung entworfen - muss abstract, final oder leer sein." source="com.puppycrawl.tools.checkstyle.checks.design.DesignForExtensionCheck"/>
<error line="202" column="31" severity="error" message="Der Parameter add sollte als &apos;final&apos; deklariert sein." source="com.puppycrawl.tools.checkstyle.checks.FinalParametersCheck"/>
<error line="217" severity="error" message="Der erste Satz sollte mit einem Punkt abschließen." source="com.puppycrawl.tools.checkstyle.checks.javadoc.JavadocStyleCheck"/>
<error line="223" column="40" severity="error" message="Der Parameter xIndex sollte als &apos;final&apos; deklariert sein." source="com.puppycrawl.tools.checkstyle.checks.FinalParametersCheck"/>
<error line="223" column="44" severity="error" message="Erwartete Tag @param für &apos;xIndex&apos;." source="com.puppycrawl.tools.checkstyle.checks.javadoc.JavadocMethodCheck"/>
<error line="223" column="52" severity="error" message="Der Parameter yIndex sollte als &apos;final&apos; deklariert sein." source="com.puppycrawl.tools.checkstyle.checks.FinalParametersCheck"/>
<error line="223" column="56" severity="error" message="Erwartete Tag @param für &apos;yIndex&apos;." source="com.puppycrawl.tools.checkstyle.checks.javadoc.JavadocMethodCheck"/>
<error line="223" column="64" severity="error" message="Der Parameter lane sollte als &apos;final&apos; deklariert sein." source="com.puppycrawl.tools.checkstyle.checks.FinalParametersCheck"/>
<error line="245" severity="error" message="Das &apos;if&apos;-Konstrukt muss &apos;{}&apos; benutzen." source="com.puppycrawl.tools.checkstyle.checks.blocks.NeedBracesCheck"/>
<error line="256" column="39" severity="error" message="Vor &apos;)&apos; befindet sich ein Leerzeichen." source="com.puppycrawl.tools.checkstyle.checks.whitespace.ParenPadCheck"/>
<error line="271" severity="error" message="Der erste Satz sollte mit einem Punkt abschließen." source="com.puppycrawl.tools.checkstyle.checks.javadoc.JavadocStyleCheck"/>
<error line="274" column="9" severity="error" message="Die Methode &apos;adjustLanes&apos; ist nicht für Vererbung entworfen - muss abstract, final oder leer sein." source="com.puppycrawl.tools.checkstyle.checks.design.DesignForExtensionCheck"/>
<error line="299" severity="error" message="Der erste Satz sollte mit einem Punkt abschließen." source="com.puppycrawl.tools.checkstyle.checks.javadoc.JavadocStyleCheck"/>
<error line="304" column="32" severity="error" message="Der Parameter yIndex sollte als &apos;final&apos; deklariert sein." source="com.puppycrawl.tools.checkstyle.checks.FinalParametersCheck"/>
<error line="319" severity="error" message="Das &apos;if&apos;-Konstrukt muss &apos;{}&apos; benutzen." source="com.puppycrawl.tools.checkstyle.checks.blocks.NeedBracesCheck"/>
<error line="328" severity="error" message="Der erste Satz sollte mit einem Punkt abschließen." source="com.puppycrawl.tools.checkstyle.checks.javadoc.JavadocStyleCheck"/>
<error line="334" column="41" severity="error" message="Vor &apos;(&apos; befindet sich ein Leerzeichen." source="com.puppycrawl.tools.checkstyle.checks.whitespace.MethodParamPadCheck"/>
<error line="334" column="42" severity="error" message="Der Parameter element sollte als &apos;final&apos; deklariert sein." source="com.puppycrawl.tools.checkstyle.checks.FinalParametersCheck"/>
<error line="334" column="54" severity="error" message="Erwartete Tag @param für &apos;element&apos;." source="com.puppycrawl.tools.checkstyle.checks.javadoc.JavadocMethodCheck"/>
<error line="334" column="63" severity="error" message="Der Parameter xIndex sollte als &apos;final&apos; deklariert sein." source="com.puppycrawl.tools.checkstyle.checks.FinalParametersCheck"/>
<error line="334" column="67" severity="error" message="Erwartete Tag @param für &apos;xIndex&apos;." source="com.puppycrawl.tools.checkstyle.checks.javadoc.JavadocMethodCheck"/>
<error line="334" column="75" severity="error" message="Der Parameter yIndex sollte als &apos;final&apos; deklariert sein." source="com.puppycrawl.tools.checkstyle.checks.FinalParametersCheck"/>
<error line="334" column="79" severity="error" message="Erwartete Tag @param für &apos;yIndex&apos;." source="com.puppycrawl.tools.checkstyle.checks.javadoc.JavadocMethodCheck"/>
<error line="336" column="92" severity="error" message="Vor &apos;)&apos; befindet sich ein Leerzeichen." source="com.puppycrawl.tools.checkstyle.checks.whitespace.ParenPadCheck"/>
<error line="337" column="52" severity="error" message="Nach &apos;{&apos; folgt ein Leerzeichen." source="com.puppycrawl.tools.checkstyle.checks.whitespace.NoWhitespaceAfterCheck"/>
<error line="340" severity="error" message="Der erste Satz sollte mit einem Punkt abschließen." source="com.puppycrawl.tools.checkstyle.checks.javadoc.JavadocStyleCheck"/>
<error line="345" column="29" severity="error" message="Der Parameter add sollte als &apos;final&apos; deklariert sein." source="com.puppycrawl.tools.checkstyle.checks.FinalParametersCheck"/>
<error line="345" column="38" severity="error" message="Der Parameter lane sollte als &apos;final&apos; deklariert sein." source="com.puppycrawl.tools.checkstyle.checks.FinalParametersCheck"/>
<error line="347" severity="error" message="Das &apos;if&apos;-Konstrukt muss &apos;{}&apos; benutzen." source="com.puppycrawl.tools.checkstyle.checks.blocks.NeedBracesCheck"/>
<error line="375" column="9" severity="error" message="Die Methode &apos;getXSize&apos; ist nicht für Vererbung entworfen - muss abstract, final oder leer sein." source="com.puppycrawl.tools.checkstyle.checks.design.DesignForExtensionCheck"/>
<error line="375" column="9" severity="error" message="Javadoc-Kommentar fehlt." source="com.puppycrawl.tools.checkstyle.checks.javadoc.JavadocMethodCheck"/>
<error line="379" column="9" severity="error" message="Die Methode &apos;getYSize&apos; ist nicht für Vererbung entworfen - muss abstract, final oder leer sein." source="com.puppycrawl.tools.checkstyle.checks.design.DesignForExtensionCheck"/>
<error line="379" column="9" severity="error" message="Javadoc-Kommentar fehlt." source="com.puppycrawl.tools.checkstyle.checks.javadoc.JavadocMethodCheck"/>
<error line="383" severity="error" message="Der erste Satz sollte mit einem Punkt abschließen." source="com.puppycrawl.tools.checkstyle.checks.javadoc.JavadocStyleCheck"/>
<error line="386" severity="error" message="Fehlender @return-Tag." source="com.puppycrawl.tools.checkstyle.checks.javadoc.JavadocMethodCheck"/>
<error line="386" column="9" severity="error" message="Die Methode &apos;toString&apos; ist nicht für Vererbung entworfen - muss abstract, final oder leer sein." source="com.puppycrawl.tools.checkstyle.checks.design.DesignForExtensionCheck"/>
<error line="392" column="53" severity="error" message="Der Bedingungsoperator sollte vermieden werden." source="com.puppycrawl.tools.checkstyle.checks.coding.AvoidInlineConditionalsCheck"/>
<error line="392" column="53" severity="error" message="Vor &apos;?&apos; befindet sich kein Leerzeichen." source="com.puppycrawl.tools.checkstyle.checks.whitespace.WhitespaceAroundCheck"/>
<error line="395" column="63" severity="error" message="Der Bedingungsoperator sollte vermieden werden." source="com.puppycrawl.tools.checkstyle.checks.coding.AvoidInlineConditionalsCheck"/>
<error line="395" column="63" severity="error" message="Vor &apos;?&apos; befindet sich kein Leerzeichen." source="com.puppycrawl.tools.checkstyle.checks.whitespace.WhitespaceAroundCheck"/>
</file>
<file name="C:\_Projekte\Exxeta\planspielBPMNTomEE\src\main\service\db\DbService.java">
<error line="0" severity="error" message="Datei endet nicht mit einem Zeilenumbruch." source="com.puppycrawl.tools.checkstyle.checks.NewlineAtEndOfFileCheck"/>
<error line="6" column="8" severity="error" message="Nicht benutztes import - javax.annotation.Resource." source="com.puppycrawl.tools.checkstyle.checks.imports.UnusedImportsCheck"/>
<error line="7" column="8" severity="error" message="Nicht benutztes import - javax.ejb.Stateless." source="com.puppycrawl.tools.checkstyle.checks.imports.UnusedImportsCheck"/>
<error line="8" column="8" severity="error" message="Nicht benutztes import - javax.inject.Named." source="com.puppycrawl.tools.checkstyle.checks.imports.UnusedImportsCheck"/>
<error line="12" column="8" severity="error" message="Nicht benutztes import - javax.persistence.PersistenceContext." source="com.puppycrawl.tools.checkstyle.checks.imports.UnusedImportsCheck"/>
<error line="13" column="8" severity="error" message="Nicht benutztes import - javax.persistence.PersistenceUnit." source="com.puppycrawl.tools.checkstyle.checks.imports.UnusedImportsCheck"/>
<error line="15" column="8" severity="error" message="Nicht benutztes import - javax.transaction.HeuristicMixedException." source="com.puppycrawl.tools.checkstyle.checks.imports.UnusedImportsCheck"/>
<error line="16" column="8" severity="error" message="Nicht benutztes import - javax.transaction.HeuristicRollbackException." source="com.puppycrawl.tools.checkstyle.checks.imports.UnusedImportsCheck"/>
<error line="17" column="8" severity="error" message="Nicht benutztes import - javax.transaction.NotSupportedException." source="com.puppycrawl.tools.checkstyle.checks.imports.UnusedImportsCheck"/>
<error line="18" column="8" severity="error" message="Nicht benutztes import - javax.transaction.RollbackException." source="com.puppycrawl.tools.checkstyle.checks.imports.UnusedImportsCheck"/>
<error line="19" column="8" severity="error" message="Nicht benutztes import - javax.transaction.SystemException." source="com.puppycrawl.tools.checkstyle.checks.imports.UnusedImportsCheck"/>
<error line="20" column="8" severity="error" message="Nicht benutztes import - javax.transaction.UserTransaction." source="com.puppycrawl.tools.checkstyle.checks.imports.UnusedImportsCheck"/>
<error line="28" severity="error" message="Der erste Satz sollte mit einem Punkt abschließen." source="com.puppycrawl.tools.checkstyle.checks.javadoc.JavadocStyleCheck"/>
<error line="36" column="9" severity="error" message="Javadoc-Kommentar fehlt." source="com.puppycrawl.tools.checkstyle.checks.javadoc.JavadocVariableCheck"/>
<error line="38" column="9" severity="error" message="Javadoc-Kommentar fehlt." source="com.puppycrawl.tools.checkstyle.checks.javadoc.JavadocVariableCheck"/>
<error line="44" column="9" severity="error" message="Die Methode &apos;getAllFromDB&apos; ist nicht für Vererbung entworfen - muss abstract, final oder leer sein." source="com.puppycrawl.tools.checkstyle.checks.design.DesignForExtensionCheck"/>
<error line="57" severity="error" message="Der erste Satz sollte mit einem Punkt abschließen." source="com.puppycrawl.tools.checkstyle.checks.javadoc.JavadocStyleCheck"/>
<error line="62" severity="error" message="Fehlender @return-Tag." source="com.puppycrawl.tools.checkstyle.checks.javadoc.JavadocMethodCheck"/>
<error line="62" column="9" severity="error" message="Die Methode &apos;createNewSth&apos; ist nicht für Vererbung entworfen - muss abstract, final oder leer sein." source="com.puppycrawl.tools.checkstyle.checks.design.DesignForExtensionCheck"/>
<error line="62" column="17" severity="error" message="Erwartete Tag @param für &apos;&lt;T&gt;&apos;." source="com.puppycrawl.tools.checkstyle.checks.javadoc.JavadocMethodCheck"/>
<error line="62" column="40" severity="error" message="Der Parameter obj sollte als &apos;final&apos; deklariert sein." source="com.puppycrawl.tools.checkstyle.checks.FinalParametersCheck"/>
<error line="62" column="42" severity="error" message="Erwartete Tag @param für &apos;obj&apos;." source="com.puppycrawl.tools.checkstyle.checks.javadoc.JavadocMethodCheck"/>
<error line="82" severity="error" message="Der erste Satz sollte mit einem Punkt abschließen." source="com.puppycrawl.tools.checkstyle.checks.javadoc.JavadocStyleCheck"/>
<error line="86" column="37" severity="error" message="Der Parameter ActionName sollte als &apos;final&apos; deklariert sein." source="com.puppycrawl.tools.checkstyle.checks.FinalParametersCheck"/>
<error line="86" column="44" severity="error" message="&apos;ActionName&apos; entspricht nicht dem Muster &apos;^[a-z][a-zA-Z0-9]*$&apos;." source="com.puppycrawl.tools.checkstyle.checks.naming.ParameterNameCheck"/>
<error line="86" column="44" severity="error" message="Erwartete Tag @param für &apos;ActionName&apos;." source="com.puppycrawl.tools.checkstyle.checks.javadoc.JavadocMethodCheck"/>
<error line="91" severity="error" message="Der erste Satz sollte mit einem Punkt abschließen." source="com.puppycrawl.tools.checkstyle.checks.javadoc.JavadocStyleCheck"/>
<error line="96" column="39" severity="error" message="Der Parameter id sollte als &apos;final&apos; deklariert sein." source="com.puppycrawl.tools.checkstyle.checks.FinalParametersCheck"/>
<error line="96" column="46" severity="error" message="Erwartete Tag @param für &apos;id&apos;." source="com.puppycrawl.tools.checkstyle.checks.javadoc.JavadocMethodCheck"/>
<error line="96" column="50" severity="error" message="Der Parameter document sollte als &apos;final&apos; deklariert sein." source="com.puppycrawl.tools.checkstyle.checks.FinalParametersCheck"/>
<error line="96" column="57" severity="error" message="Erwartete Tag @param für &apos;document&apos;." source="com.puppycrawl.tools.checkstyle.checks.javadoc.JavadocMethodCheck"/>
</file>
<file name="C:\_Projekte\Exxeta\planspielBPMNTomEE\src\main\ui\settings\XMLActionsController.java">
<error line="0" severity="error" message="Datei endet nicht mit einem Zeilenumbruch." source="com.puppycrawl.tools.checkstyle.checks.NewlineAtEndOfFileCheck"/>
<error line="5" column="8" severity="error" message="Nicht benutztes import - javax.faces.bean.ManagedBean." source="com.puppycrawl.tools.checkstyle.checks.imports.UnusedImportsCheck"/>
<error line="10" column="8" severity="error" message="Nicht benutztes import - main.service.Settings.XMLLanesReader." source="com.puppycrawl.tools.checkstyle.checks.imports.UnusedImportsCheck"/>
<error line="12" severity="error" message="Der erste Satz sollte mit einem Punkt abschließen." source="com.puppycrawl.tools.checkstyle.checks.javadoc.JavadocStyleCheck"/>
<error line="20" column="9" severity="error" message="Javadoc-Kommentar fehlt." source="com.puppycrawl.tools.checkstyle.checks.javadoc.JavadocVariableCheck"/>
<error line="21" column="9" severity="error" message="Javadoc-Kommentar fehlt." source="com.puppycrawl.tools.checkstyle.checks.javadoc.JavadocMethodCheck"/>
<error line="25" column="9" severity="error" message="Die Methode &apos;setXML&apos; ist nicht für Vererbung entworfen - muss abstract, final oder leer sein." source="com.puppycrawl.tools.checkstyle.checks.design.DesignForExtensionCheck"/>
<error line="25" column="9" severity="error" message="Javadoc-Kommentar fehlt." source="com.puppycrawl.tools.checkstyle.checks.javadoc.JavadocMethodCheck"/>
</file>
<file name="C:\_Projekte\Exxeta\planspielBPMNTomEE\src\main\ui\settings\XMLDocumentsController.java">
<error line="5" column="8" severity="error" message="Nicht benutztes import - javax.faces.bean.ManagedBean." source="com.puppycrawl.tools.checkstyle.checks.imports.UnusedImportsCheck"/>
<error line="11" severity="error" message="Der erste Satz sollte mit einem Punkt abschließen." source="com.puppycrawl.tools.checkstyle.checks.javadoc.JavadocStyleCheck"/>
<error line="19" column="17" severity="error" message="Javadoc-Kommentar fehlt." source="com.puppycrawl.tools.checkstyle.checks.javadoc.JavadocVariableCheck"/>
<error line="21" column="17" severity="error" message="Javadoc-Kommentar fehlt." source="com.puppycrawl.tools.checkstyle.checks.javadoc.JavadocMethodCheck"/>
<error line="25" column="17" severity="error" message="Die Methode &apos;setXML&apos; ist nicht für Vererbung entworfen - muss abstract, final oder leer sein." source="com.puppycrawl.tools.checkstyle.checks.design.DesignForExtensionCheck"/>
<error line="25" column="17" severity="error" message="Javadoc-Kommentar fehlt." source="com.puppycrawl.tools.checkstyle.checks.javadoc.JavadocMethodCheck"/>
</file>
<file name="C:\_Projekte\Exxeta\planspielBPMNTomEE\src\main\ui\settings\XMLLanesController.java">
<error line="5" column="8" severity="error" message="Nicht benutztes import - javax.faces.bean.ManagedBean." source="com.puppycrawl.tools.checkstyle.checks.imports.UnusedImportsCheck"/>
<error line="11" severity="error" message="Der erste Satz sollte mit einem Punkt abschließen." source="com.puppycrawl.tools.checkstyle.checks.javadoc.JavadocStyleCheck"/>
<error line="19" column="17" severity="error" message="Javadoc-Kommentar fehlt." source="com.puppycrawl.tools.checkstyle.checks.javadoc.JavadocVariableCheck"/>
<error line="20" column="17" severity="error" message="Javadoc-Kommentar fehlt." source="com.puppycrawl.tools.checkstyle.checks.javadoc.JavadocMethodCheck"/>
<error line="24" column="17" severity="error" message="Die Methode &apos;setXML&apos; ist nicht für Vererbung entworfen - muss abstract, final oder leer sein." source="com.puppycrawl.tools.checkstyle.checks.design.DesignForExtensionCheck"/>
<error line="24" column="17" severity="error" message="Javadoc-Kommentar fehlt." source="com.puppycrawl.tools.checkstyle.checks.javadoc.JavadocMethodCheck"/>
</file>
<file name="C:\_Projekte\Exxeta\planspielBPMNTomEE\src\main\ui\wizard\PlanspielController.java">
<error line="0" severity="error" message="Datei endet nicht mit einem Zeilenumbruch." source="com.puppycrawl.tools.checkstyle.checks.NewlineAtEndOfFileCheck"/>
<error line="14" severity="error" message="Der erste Satz sollte mit einem Punkt abschließen." source="com.puppycrawl.tools.checkstyle.checks.javadoc.JavadocStyleCheck"/>
<error line="22" column="9" severity="error" message="Javadoc-Kommentar fehlt." source="com.puppycrawl.tools.checkstyle.checks.javadoc.JavadocVariableCheck"/>
<error line="23" column="9" severity="error" message="Javadoc-Kommentar fehlt." source="com.puppycrawl.tools.checkstyle.checks.javadoc.JavadocVariableCheck"/>
<error line="24" column="9" severity="error" message="Javadoc-Kommentar fehlt." source="com.puppycrawl.tools.checkstyle.checks.javadoc.JavadocVariableCheck"/>
<error line="26" column="9" severity="error" message="Javadoc-Kommentar fehlt." source="com.puppycrawl.tools.checkstyle.checks.javadoc.JavadocMethodCheck"/>
<error line="34" column="9" severity="error" message="Die Methode &apos;createNewLane&apos; ist nicht für Vererbung entworfen - muss abstract, final oder leer sein." source="com.puppycrawl.tools.checkstyle.checks.design.DesignForExtensionCheck"/>
<error line="34" column="9" severity="error" message="Javadoc-Kommentar fehlt." source="com.puppycrawl.tools.checkstyle.checks.javadoc.JavadocMethodCheck"/>
<error line="41" column="9" severity="error" message="Die Methode &apos;getDb&apos; ist nicht für Vererbung entworfen - muss abstract, final oder leer sein." source="com.puppycrawl.tools.checkstyle.checks.design.DesignForExtensionCheck"/>
<error line="41" column="9" severity="error" message="Javadoc-Kommentar fehlt." source="com.puppycrawl.tools.checkstyle.checks.javadoc.JavadocMethodCheck"/>
<error line="44" column="9" severity="error" message="Die Methode &apos;setDb&apos; ist nicht für Vererbung entworfen - muss abstract, final oder leer sein." source="com.puppycrawl.tools.checkstyle.checks.design.DesignForExtensionCheck"/>
<error line="44" column="9" severity="error" message="Javadoc-Kommentar fehlt." source="com.puppycrawl.tools.checkstyle.checks.javadoc.JavadocMethodCheck"/>
<error line="44" column="27" severity="error" message="Der Parameter db sollte als &apos;final&apos; deklariert sein." source="com.puppycrawl.tools.checkstyle.checks.FinalParametersCheck"/>
<error line="44" column="37" severity="error" message="&apos;db&apos; verbirgt ein Feld." source="com.puppycrawl.tools.checkstyle.checks.coding.HiddenFieldCheck"/>
<error line="47" column="9" severity="error" message="Die Methode &apos;getleererString&apos; ist nicht für Vererbung entworfen - muss abstract, final oder leer sein." source="com.puppycrawl.tools.checkstyle.checks.design.DesignForExtensionCheck"/>
<error line="47" column="9" severity="error" message="Javadoc-Kommentar fehlt." source="com.puppycrawl.tools.checkstyle.checks.javadoc.JavadocMethodCheck"/>
<error line="50" column="9" severity="error" message="Die Methode &apos;setleererString&apos; ist nicht für Vererbung entworfen - muss abstract, final oder leer sein." source="com.puppycrawl.tools.checkstyle.checks.design.DesignForExtensionCheck"/>
<error line="50" column="9" severity="error" message="Javadoc-Kommentar fehlt." source="com.puppycrawl.tools.checkstyle.checks.javadoc.JavadocMethodCheck"/>
<error line="50" column="37" severity="error" message="Der Parameter leererString sollte als &apos;final&apos; deklariert sein." source="com.puppycrawl.tools.checkstyle.checks.FinalParametersCheck"/>
<error line="50" column="44" severity="error" message="&apos;leererString&apos; verbirgt ein Feld." source="com.puppycrawl.tools.checkstyle.checks.coding.HiddenFieldCheck"/>
<error line="58" column="9" severity="error" message="Die Methode &apos;getAllFromDB&apos; ist nicht für Vererbung entworfen - muss abstract, final oder leer sein." source="com.puppycrawl.tools.checkstyle.checks.design.DesignForExtensionCheck"/>
<error line="58" column="9" severity="error" message="Javadoc-Kommentar fehlt." source="com.puppycrawl.tools.checkstyle.checks.javadoc.JavadocMethodCheck"/>
</file>
<file name="C:\_Projekte\Exxeta\planspielBPMNTomEE\src\main\ui\wizard\TestPushBean.java">
<error line="0" severity="error" message="Datei endet nicht mit einem Zeilenumbruch." source="com.puppycrawl.tools.checkstyle.checks.NewlineAtEndOfFileCheck"/>
<error line="3" column="8" severity="error" message="Nicht benutztes import - java.text.SimpleDateFormat." source="com.puppycrawl.tools.checkstyle.checks.imports.UnusedImportsCheck"/>
<error line="4" column="8" severity="error" message="Nicht benutztes import - java.util.Calendar." source="com.puppycrawl.tools.checkstyle.checks.imports.UnusedImportsCheck"/>
<error line="6" column="8" severity="error" message="Nicht benutztes import - javax.faces.bean.ManagedBean." source="com.puppycrawl.tools.checkstyle.checks.imports.UnusedImportsCheck"/>
<error line="24" column="5" severity="error" message="Javadoc-Kommentar fehlt." source="com.puppycrawl.tools.checkstyle.checks.javadoc.JavadocVariableCheck"/>
<error line="27" severity="error" message="Der erste Satz sollte mit einem Punkt abschließen." source="com.puppycrawl.tools.checkstyle.checks.javadoc.JavadocStyleCheck"/>
<error line="45" column="5" severity="error" message="Die Methode &apos;getNow&apos; ist nicht für Vererbung entworfen - muss abstract, final oder leer sein." source="com.puppycrawl.tools.checkstyle.checks.design.DesignForExtensionCheck"/>
<error line="54" column="5" severity="error" message="Die Methode &apos;setNow&apos; ist nicht für Vererbung entworfen - muss abstract, final oder leer sein." source="com.puppycrawl.tools.checkstyle.checks.design.DesignForExtensionCheck"/>
<error line="54" column="5" severity="error" message="Javadoc-Kommentar fehlt." source="com.puppycrawl.tools.checkstyle.checks.javadoc.JavadocMethodCheck"/>
<error line="54" column="24" severity="error" message="Der Parameter now sollte als &apos;final&apos; deklariert sein." source="com.puppycrawl.tools.checkstyle.checks.FinalParametersCheck"/>
<error line="54" column="31" severity="error" message="&apos;now&apos; verbirgt ein Feld." source="com.puppycrawl.tools.checkstyle.checks.coding.HiddenFieldCheck"/>
<error line="60" severity="error" message="Der erste Satz sollte mit einem Punkt abschließen." source="com.puppycrawl.tools.checkstyle.checks.javadoc.JavadocStyleCheck"/>
<error line="65" column="5" severity="error" message="Die Methode &apos;push&apos; ist nicht für Vererbung entworfen - muss abstract, final oder leer sein." source="com.puppycrawl.tools.checkstyle.checks.design.DesignForExtensionCheck"/>
<error line="65" column="22" severity="error" message="Der Parameter name sollte als &apos;final&apos; deklariert sein." source="com.puppycrawl.tools.checkstyle.checks.FinalParametersCheck"/>
<error line="65" column="29" severity="error" message="Erwartete Tag @param für &apos;name&apos;." source="com.puppycrawl.tools.checkstyle.checks.javadoc.JavadocMethodCheck"/>
<error line="65" column="35" severity="error" message="Der Parameter id sollte als &apos;final&apos; deklariert sein." source="com.puppycrawl.tools.checkstyle.checks.FinalParametersCheck"/>
<error line="65" column="42" severity="error" message="Erwartete Tag @param für &apos;id&apos;." source="com.puppycrawl.tools.checkstyle.checks.javadoc.JavadocMethodCheck"/>
<error line="79" severity="error" message="Der erste Satz sollte mit einem Punkt abschließen." source="com.puppycrawl.tools.checkstyle.checks.javadoc.JavadocStyleCheck"/>
<error line="83" severity="error" message="Fehlender @return-Tag." source="com.puppycrawl.tools.checkstyle.checks.javadoc.JavadocMethodCheck"/>
<error line="83" column="5" severity="error" message="Die Methode &apos;test&apos; ist nicht für Vererbung entworfen - muss abstract, final oder leer sein." source="com.puppycrawl.tools.checkstyle.checks.design.DesignForExtensionCheck"/>
</file>
<file name="C:\_Projekte\Exxeta\planspielBPMNTomEE\src\main\ui\wizard\simplegenController.java">
<error line="0" severity="error" message="Datei endet nicht mit einem Zeilenumbruch." source="com.puppycrawl.tools.checkstyle.checks.NewlineAtEndOfFileCheck"/>
<error line="12" severity="error" message="Der erste Satz sollte mit einem Punkt abschließen." source="com.puppycrawl.tools.checkstyle.checks.javadoc.JavadocStyleCheck"/>
<error line="19" column="14" severity="error" message="&apos;simplegenController&apos; entspricht nicht dem Muster &apos;^[A-Z][a-zA-Z0-9]*$&apos;." source="com.puppycrawl.tools.checkstyle.checks.naming.TypeNameCheck"/>
<error line="20" column="9" severity="error" message="Javadoc-Kommentar fehlt." source="com.puppycrawl.tools.checkstyle.checks.javadoc.JavadocVariableCheck"/>
<error line="21" column="9" severity="error" message="Javadoc-Kommentar fehlt." source="com.puppycrawl.tools.checkstyle.checks.javadoc.JavadocVariableCheck"/>
<error line="22" column="9" severity="error" message="Javadoc-Kommentar fehlt." source="com.puppycrawl.tools.checkstyle.checks.javadoc.JavadocVariableCheck"/>
<error line="23" column="9" severity="error" message="Javadoc-Kommentar fehlt." source="com.puppycrawl.tools.checkstyle.checks.javadoc.JavadocVariableCheck"/>
<error line="25" column="9" severity="error" message="Javadoc-Kommentar fehlt." source="com.puppycrawl.tools.checkstyle.checks.javadoc.JavadocVariableCheck"/>
<error line="28" column="9" severity="error" message="Javadoc-Kommentar fehlt." source="com.puppycrawl.tools.checkstyle.checks.javadoc.JavadocVariableCheck"/>
<error line="30" column="9" severity="error" message="Javadoc-Kommentar fehlt." source="com.puppycrawl.tools.checkstyle.checks.javadoc.JavadocMethodCheck"/>
<error line="37" column="9" severity="error" message="Die Methode &apos;clear&apos; ist nicht für Vererbung entworfen - muss abstract, final oder leer sein." source="com.puppycrawl.tools.checkstyle.checks.design.DesignForExtensionCheck"/>
<error line="37" column="9" severity="error" message="Javadoc-Kommentar fehlt." source="com.puppycrawl.tools.checkstyle.checks.javadoc.JavadocMethodCheck"/>
<error line="41" column="9" severity="error" message="Die Methode &apos;mocken&apos; ist nicht für Vererbung entworfen - muss abstract, final oder leer sein." source="com.puppycrawl.tools.checkstyle.checks.design.DesignForExtensionCheck"/>
<error line="41" column="9" severity="error" message="Javadoc-Kommentar fehlt." source="com.puppycrawl.tools.checkstyle.checks.javadoc.JavadocMethodCheck"/>
<error line="45" column="9" severity="error" message="Die Methode &apos;addLane&apos; ist nicht für Vererbung entworfen - muss abstract, final oder leer sein." source="com.puppycrawl.tools.checkstyle.checks.design.DesignForExtensionCheck"/>
<error line="45" column="9" severity="error" message="Javadoc-Kommentar fehlt." source="com.puppycrawl.tools.checkstyle.checks.javadoc.JavadocMethodCheck"/>
<error line="45" column="29" severity="error" message="Vor &apos;(&apos; befindet sich ein Leerzeichen." source="com.puppycrawl.tools.checkstyle.checks.whitespace.MethodParamPadCheck"/>
<error line="49" column="9" severity="error" message="Die Methode &apos;createPool&apos; ist nicht für Vererbung entworfen - muss abstract, final oder leer sein." source="com.puppycrawl.tools.checkstyle.checks.design.DesignForExtensionCheck"/>
<error line="49" column="9" severity="error" message="Javadoc-Kommentar fehlt." source="com.puppycrawl.tools.checkstyle.checks.javadoc.JavadocMethodCheck"/>
<error line="50" severity="error" message="Das &apos;if&apos;-Konstrukt muss &apos;{}&apos; benutzen." source="com.puppycrawl.tools.checkstyle.checks.blocks.NeedBracesCheck"/>
<error line="54" column="9" severity="error" message="Die Methode &apos;addElement&apos; ist nicht für Vererbung entworfen - muss abstract, final oder leer sein." source="com.puppycrawl.tools.checkstyle.checks.design.DesignForExtensionCheck"/>
<error line="54" column="9" severity="error" message="Javadoc-Kommentar fehlt." source="com.puppycrawl.tools.checkstyle.checks.javadoc.JavadocMethodCheck"/>
<error line="58" column="9" severity="error" message="Die Methode &apos;getTaskName&apos; ist nicht für Vererbung entworfen - muss abstract, final oder leer sein." source="com.puppycrawl.tools.checkstyle.checks.design.DesignForExtensionCheck"/>
<error line="58" column="9" severity="error" message="Javadoc-Kommentar fehlt." source="com.puppycrawl.tools.checkstyle.checks.javadoc.JavadocMethodCheck"/>
<error line="62" column="9" severity="error" message="Die Methode &apos;setTaskName&apos; ist nicht für Vererbung entworfen - muss abstract, final oder leer sein." source="com.puppycrawl.tools.checkstyle.checks.design.DesignForExtensionCheck"/>
<error line="62" column="9" severity="error" message="Javadoc-Kommentar fehlt." source="com.puppycrawl.tools.checkstyle.checks.javadoc.JavadocMethodCheck"/>
<error line="62" column="33" severity="error" message="Der Parameter taskName sollte als &apos;final&apos; deklariert sein." source="com.puppycrawl.tools.checkstyle.checks.FinalParametersCheck"/>
<error line="62" column="40" severity="error" message="&apos;taskName&apos; verbirgt ein Feld." source="com.puppycrawl.tools.checkstyle.checks.coding.HiddenFieldCheck"/>
<error line="66" column="9" severity="error" message="Die Methode &apos;getFlowName&apos; ist nicht für Vererbung entworfen - muss abstract, final oder leer sein." source="com.puppycrawl.tools.checkstyle.checks.design.DesignForExtensionCheck"/>
<error line="66" column="9" severity="error" message="Javadoc-Kommentar fehlt." source="com.puppycrawl.tools.checkstyle.checks.javadoc.JavadocMethodCheck"/>
<error line="70" column="9" severity="error" message="Die Methode &apos;setFlowName&apos; ist nicht für Vererbung entworfen - muss abstract, final oder leer sein." source="com.puppycrawl.tools.checkstyle.checks.design.DesignForExtensionCheck"/>
<error line="70" column="9" severity="error" message="Javadoc-Kommentar fehlt." source="com.puppycrawl.tools.checkstyle.checks.javadoc.JavadocMethodCheck"/>
<error line="70" column="33" severity="error" message="Der Parameter flowName sollte als &apos;final&apos; deklariert sein." source="com.puppycrawl.tools.checkstyle.checks.FinalParametersCheck"/>
<error line="70" column="40" severity="error" message="&apos;flowName&apos; verbirgt ein Feld." source="com.puppycrawl.tools.checkstyle.checks.coding.HiddenFieldCheck"/>
<error line="74" column="9" severity="error" message="Die Methode &apos;getLaneName&apos; ist nicht für Vererbung entworfen - muss abstract, final oder leer sein." source="com.puppycrawl.tools.checkstyle.checks.design.DesignForExtensionCheck"/>
<error line="74" column="9" severity="error" message="Javadoc-Kommentar fehlt." source="com.puppycrawl.tools.checkstyle.checks.javadoc.JavadocMethodCheck"/>
<error line="78" column="9" severity="error" message="Die Methode &apos;setLaneName&apos; ist nicht für Vererbung entworfen - muss abstract, final oder leer sein." source="com.puppycrawl.tools.checkstyle.checks.design.DesignForExtensionCheck"/>
<error line="78" column="9" severity="error" message="Javadoc-Kommentar fehlt." source="com.puppycrawl.tools.checkstyle.checks.javadoc.JavadocMethodCheck"/>
<error line="78" column="33" severity="error" message="Der Parameter laneName sollte als &apos;final&apos; deklariert sein." source="com.puppycrawl.tools.checkstyle.checks.FinalParametersCheck"/>
<error line="78" column="40" severity="error" message="&apos;laneName&apos; verbirgt ein Feld." source="com.puppycrawl.tools.checkstyle.checks.coding.HiddenFieldCheck"/>
<error line="82" column="9" severity="error" message="Die Methode &apos;getPoolName&apos; ist nicht für Vererbung entworfen - muss abstract, final oder leer sein." source="com.puppycrawl.tools.checkstyle.checks.design.DesignForExtensionCheck"/>
<error line="82" column="9" severity="error" message="Javadoc-Kommentar fehlt." source="com.puppycrawl.tools.checkstyle.checks.javadoc.JavadocMethodCheck"/>
<error line="86" column="9" severity="error" message="Die Methode &apos;setPoolName&apos; ist nicht für Vererbung entworfen - muss abstract, final oder leer sein." source="com.puppycrawl.tools.checkstyle.checks.design.DesignForExtensionCheck"/>
<error line="86" column="9" severity="error" message="Javadoc-Kommentar fehlt." source="com.puppycrawl.tools.checkstyle.checks.javadoc.JavadocMethodCheck"/>
<error line="86" column="33" severity="error" message="Der Parameter poolName sollte als &apos;final&apos; deklariert sein." source="com.puppycrawl.tools.checkstyle.checks.FinalParametersCheck"/>
<error line="86" column="40" severity="error" message="&apos;poolName&apos; verbirgt ein Feld." source="com.puppycrawl.tools.checkstyle.checks.coding.HiddenFieldCheck"/>
<error line="90" column="9" severity="error" message="Die Methode &apos;getLaneIndex&apos; ist nicht für Vererbung entworfen - muss abstract, final oder leer sein." source="com.puppycrawl.tools.checkstyle.checks.design.DesignForExtensionCheck"/>
<error line="90" column="9" severity="error" message="Javadoc-Kommentar fehlt." source="com.puppycrawl.tools.checkstyle.checks.javadoc.JavadocMethodCheck"/>
<error line="94" column="9" severity="error" message="Die Methode &apos;setLaneIndex&apos; ist nicht für Vererbung entworfen - muss abstract, final oder leer sein." source="com.puppycrawl.tools.checkstyle.checks.design.DesignForExtensionCheck"/>
<error line="94" column="9" severity="error" message="Javadoc-Kommentar fehlt." source="com.puppycrawl.tools.checkstyle.checks.javadoc.JavadocMethodCheck"/>
<error line="94" column="34" severity="error" message="Der Parameter laneIndex sollte als &apos;final&apos; deklariert sein." source="com.puppycrawl.tools.checkstyle.checks.FinalParametersCheck"/>
<error line="94" column="38" severity="error" message="&apos;laneIndex&apos; verbirgt ein Feld." source="com.puppycrawl.tools.checkstyle.checks.coding.HiddenFieldCheck"/>
</file>
<file name="C:\_Projekte\Exxeta\planspielBPMNTomEE\src\main\util\Constants.java">
<error line="0" severity="error" message="Datei endet nicht mit einem Zeilenumbruch." source="com.puppycrawl.tools.checkstyle.checks.NewlineAtEndOfFileCheck"/>
<error line="3" severity="error" message="Der erste Satz sollte mit einem Punkt abschließen." source="com.puppycrawl.tools.checkstyle.checks.javadoc.JavadocStyleCheck"/>
<error line="8" column="1" severity="error" message="Utility classes should not have a public or default constructor." source="com.puppycrawl.tools.checkstyle.checks.design.HideUtilityClassConstructorCheck"/>
<error line="9" severity="error" message="Der erste Satz sollte mit einem Punkt abschließen." source="com.puppycrawl.tools.checkstyle.checks.javadoc.JavadocStyleCheck"/>
</file>
<file name="C:\_Projekte\Exxeta\planspielBPMNTomEE\src\main\util\EMF.java">
<error line="0" severity="error" message="Datei endet nicht mit einem Zeilenumbruch." source="com.puppycrawl.tools.checkstyle.checks.NewlineAtEndOfFileCheck"/>
<error line="10" severity="error" message="Der erste Satz sollte mit einem Punkt abschließen." source="com.puppycrawl.tools.checkstyle.checks.javadoc.JavadocStyleCheck"/>
<error line="18" column="5" severity="error" message="Javadoc-Kommentar fehlt." source="com.puppycrawl.tools.checkstyle.checks.javadoc.JavadocVariableCheck"/>
<error line="20" column="5" severity="error" message="Die Methode &apos;contextInitialized&apos; ist nicht für Vererbung entworfen - muss abstract, final oder leer sein." source="com.puppycrawl.tools.checkstyle.checks.design.DesignForExtensionCheck"/>
<error line="21" column="36" severity="error" message="Der Parameter event sollte als &apos;final&apos; deklariert sein." source="com.puppycrawl.tools.checkstyle.checks.FinalParametersCheck"/>
<error line="25" column="5" severity="error" message="Die Methode &apos;contextDestroyed&apos; ist nicht für Vererbung entworfen - muss abstract, final oder leer sein." source="com.puppycrawl.tools.checkstyle.checks.design.DesignForExtensionCheck"/>
<error line="26" column="34" severity="error" message="Der Parameter event sollte als &apos;final&apos; deklariert sein." source="com.puppycrawl.tools.checkstyle.checks.FinalParametersCheck"/>
<error line="30" column="5" severity="error" message="Javadoc-Kommentar fehlt." source="com.puppycrawl.tools.checkstyle.checks.javadoc.JavadocMethodCheck"/>
</file>
<file name="C:\_Projekte\Exxeta\planspielBPMNTomEE\src\main\util\bpmn\BpmnConstants.java">
<error line="9" column="1" severity="error" message="Utility classes should not have a public or default constructor." source="com.puppycrawl.tools.checkstyle.checks.design.HideUtilityClassConstructorCheck"/>
<error line="14" column="9" severity="error" message="Javadoc-Kommentar fehlt." source="com.puppycrawl.tools.checkstyle.checks.javadoc.JavadocVariableCheck"/>
<error line="14" column="33" severity="error" message="&apos;defaultY&apos; entspricht nicht dem Muster &apos;^[A-Z][A-Z0-9]*(_[A-Z0-9]+)*$&apos;." source="com.puppycrawl.tools.checkstyle.checks.naming.ConstantNameCheck"/>
<error line="15" column="9" severity="error" message="Javadoc-Kommentar fehlt." source="com.puppycrawl.tools.checkstyle.checks.javadoc.JavadocVariableCheck"/>
<error line="15" column="33" severity="error" message="&apos;defaultX&apos; entspricht nicht dem Muster &apos;^[A-Z][A-Z0-9]*(_[A-Z0-9]+)*$&apos;." source="com.puppycrawl.tools.checkstyle.checks.naming.ConstantNameCheck"/>
<error line="18" column="9" severity="error" message="Javadoc-Kommentar fehlt." source="com.puppycrawl.tools.checkstyle.checks.javadoc.JavadocVariableCheck"/>
<error line="18" column="33" severity="error" message="&apos;marginTop&apos; entspricht nicht dem Muster &apos;^[A-Z][A-Z0-9]*(_[A-Z0-9]+)*$&apos;." source="com.puppycrawl.tools.checkstyle.checks.naming.ConstantNameCheck"/>
<error line="21" column="9" severity="error" message="Javadoc-Kommentar fehlt." source="com.puppycrawl.tools.checkstyle.checks.javadoc.JavadocVariableCheck"/>
<error line="21" column="33" severity="error" message="&apos;laneToPoolMargin&apos; entspricht nicht dem Muster &apos;^[A-Z][A-Z0-9]*(_[A-Z0-9]+)*$&apos;." source="com.puppycrawl.tools.checkstyle.checks.naming.ConstantNameCheck"/>
<error line="24" column="9" severity="error" message="Javadoc-Kommentar fehlt." source="com.puppycrawl.tools.checkstyle.checks.javadoc.JavadocVariableCheck"/>
<error line="24" column="33" severity="error" message="&apos;lanePadding&apos; entspricht nicht dem Muster &apos;^[A-Z][A-Z0-9]*(_[A-Z0-9]+)*$&apos;." source="com.puppycrawl.tools.checkstyle.checks.naming.ConstantNameCheck"/>
<error line="27" column="9" severity="error" message="Javadoc-Kommentar fehlt." source="com.puppycrawl.tools.checkstyle.checks.javadoc.JavadocVariableCheck"/>
<error line="27" column="33" severity="error" message="&apos;defaultLaneHeight&apos; entspricht nicht dem Muster &apos;^[A-Z][A-Z0-9]*(_[A-Z0-9]+)*$&apos;." source="com.puppycrawl.tools.checkstyle.checks.naming.ConstantNameCheck"/>
<error line="28" column="9" severity="error" message="Javadoc-Kommentar fehlt." source="com.puppycrawl.tools.checkstyle.checks.javadoc.JavadocVariableCheck"/>
<error line="28" column="33" severity="error" message="&apos;defaultLaneWidth&apos; entspricht nicht dem Muster &apos;^[A-Z][A-Z0-9]*(_[A-Z0-9]+)*$&apos;." source="com.puppycrawl.tools.checkstyle.checks.naming.ConstantNameCheck"/>
<error line="31" column="9" severity="error" message="Javadoc-Kommentar fehlt." source="com.puppycrawl.tools.checkstyle.checks.javadoc.JavadocVariableCheck"/>
<error line="31" column="33" severity="error" message="&apos;defaultTaskHeight&apos; entspricht nicht dem Muster &apos;^[A-Z][A-Z0-9]*(_[A-Z0-9]+)*$&apos;." source="com.puppycrawl.tools.checkstyle.checks.naming.ConstantNameCheck"/>
<error line="32" column="9" severity="error" message="Javadoc-Kommentar fehlt." source="com.puppycrawl.tools.checkstyle.checks.javadoc.JavadocVariableCheck"/>
<error line="32" column="33" severity="error" message="&apos;defaultTaskWidth&apos; entspricht nicht dem Muster &apos;^[A-Z][A-Z0-9]*(_[A-Z0-9]+)*$&apos;." source="com.puppycrawl.tools.checkstyle.checks.naming.ConstantNameCheck"/>
<error line="35" column="9" severity="error" message="Javadoc-Kommentar fehlt." source="com.puppycrawl.tools.checkstyle.checks.javadoc.JavadocVariableCheck"/>
<error line="35" column="33" severity="error" message="&apos;defaultEventHeight&apos; entspricht nicht dem Muster &apos;^[A-Z][A-Z0-9]*(_[A-Z0-9]+)*$&apos;." source="com.puppycrawl.tools.checkstyle.checks.naming.ConstantNameCheck"/>
<error line="36" column="9" severity="error" message="Javadoc-Kommentar fehlt." source="com.puppycrawl.tools.checkstyle.checks.javadoc.JavadocVariableCheck"/>
<error line="36" column="33" severity="error" message="&apos;defaultEventWidth&apos; entspricht nicht dem Muster &apos;^[A-Z][A-Z0-9]*(_[A-Z0-9]+)*$&apos;." source="com.puppycrawl.tools.checkstyle.checks.naming.ConstantNameCheck"/>
<error line="39" column="9" severity="error" message="Javadoc-Kommentar fehlt." source="com.puppycrawl.tools.checkstyle.checks.javadoc.JavadocVariableCheck"/>
<error line="39" column="33" severity="error" message="&apos;defaultGatewayHeight&apos; entspricht nicht dem Muster &apos;^[A-Z][A-Z0-9]*(_[A-Z0-9]+)*$&apos;." source="com.puppycrawl.tools.checkstyle.checks.naming.ConstantNameCheck"/>
<error line="40" column="9" severity="error" message="Javadoc-Kommentar fehlt." source="com.puppycrawl.tools.checkstyle.checks.javadoc.JavadocVariableCheck"/>
<error line="40" column="33" severity="error" message="&apos;defaultGatewayWidth&apos; entspricht nicht dem Muster &apos;^[A-Z][A-Z0-9]*(_[A-Z0-9]+)*$&apos;." source="com.puppycrawl.tools.checkstyle.checks.naming.ConstantNameCheck"/>
</file>
<file name="C:\_Projekte\Exxeta\planspielBPMNTomEE\src\main\util\bpmn\First.java">
<error line="0" severity="error" message="Datei endet nicht mit einem Zeilenumbruch." source="com.puppycrawl.tools.checkstyle.checks.NewlineAtEndOfFileCheck"/>
<error line="10" column="1" severity="error" message="Utility classes should not have a public or default constructor." source="com.puppycrawl.tools.checkstyle.checks.design.HideUtilityClassConstructorCheck"/>
<error line="13" column="9" severity="error" message="Javadoc-Kommentar fehlt." source="com.puppycrawl.tools.checkstyle.checks.javadoc.JavadocMethodCheck"/>
<error line="13" column="36" severity="error" message="Der Parameter cls sollte als &apos;final&apos; deklariert sein." source="com.puppycrawl.tools.checkstyle.checks.FinalParametersCheck"/>
<error line="13" column="50" severity="error" message="Der Parameter elements sollte als &apos;final&apos; deklariert sein." source="com.puppycrawl.tools.checkstyle.checks.FinalParametersCheck"/>
</file>
<file name="C:\_Projekte\Exxeta\planspielBPMNTomEE\src\main\util\bpmn\IOUtil.java">
<error line="24" severity="error" message="Die Klasse IOUtil sollte als final deklariert sein, da alle ihre Konstruktoren private sind." source="com.puppycrawl.tools.checkstyle.checks.design.FinalClassCheck"/>
<error line="26" column="9" severity="error" message="Javadoc-Kommentar fehlt." source="com.puppycrawl.tools.checkstyle.checks.javadoc.JavadocVariableCheck"/>
<error line="28" column="9" severity="error" message="Javadoc-Kommentar fehlt." source="com.puppycrawl.tools.checkstyle.checks.javadoc.JavadocVariableCheck"/>
<error line="30" column="9" severity="error" message="Javadoc-Kommentar fehlt." source="com.puppycrawl.tools.checkstyle.checks.javadoc.JavadocVariableCheck"/>
<error line="32" column="9" severity="error" message="Javadoc-Kommentar fehlt." source="com.puppycrawl.tools.checkstyle.checks.javadoc.JavadocVariableCheck"/>
<error line="34" column="9" severity="error" message="Javadoc-Kommentar fehlt." source="com.puppycrawl.tools.checkstyle.checks.javadoc.JavadocVariableCheck"/>
<error line="36" severity="error" message="Der erste Satz sollte mit einem Punkt abschließen." source="com.puppycrawl.tools.checkstyle.checks.javadoc.JavadocStyleCheck"/>
<error line="41" column="21" severity="error" message="&apos;SaveToBpmnFile&apos; entspricht nicht dem Muster &apos;^[a-z][a-zA-Z0-9]*$&apos;." source="com.puppycrawl.tools.checkstyle.checks.naming.MethodNameCheck"/>
<error line="41" column="36" severity="error" message="Der Parameter resource sollte als &apos;final&apos; deklariert sein." source="com.puppycrawl.tools.checkstyle.checks.FinalParametersCheck"/>
<error line="41" column="62" severity="error" message="Erwartete Tag @throws für &apos;IOException&apos;." source="com.puppycrawl.tools.checkstyle.checks.javadoc.JavadocMethodCheck"/>
<error line="55" severity="error" message="Der erste Satz sollte mit einem Punkt abschließen." source="com.puppycrawl.tools.checkstyle.checks.javadoc.JavadocStyleCheck"/>
<error line="60" column="25" severity="error" message="&apos;LoadFromBpmnFile&apos; entspricht nicht dem Muster &apos;^[a-z][a-zA-Z0-9]*$&apos;." source="com.puppycrawl.tools.checkstyle.checks.naming.MethodNameCheck"/>
<error line="60" column="51" severity="error" message="Erwartete Tag @throws für &apos;IOException&apos;." source="com.puppycrawl.tools.checkstyle.checks.javadoc.JavadocMethodCheck"/>
<error line="68" column="24" severity="error" message="Vor &apos;{&apos; befindet sich kein Leerzeichen." source="com.puppycrawl.tools.checkstyle.checks.whitespace.WhitespaceAroundCheck"/>
<error line="69" column="51" severity="error" message="&apos;}&apos; sollte in einer neuen Zeile stehen." source="com.puppycrawl.tools.checkstyle.checks.blocks.RightCurlyCheck"/>
<error line="69" column="51" severity="error" message="Nach &apos;;&apos; folgt kein Leerzeichen." source="com.puppycrawl.tools.checkstyle.checks.whitespace.WhitespaceAfterCheck"/>
<error line="69" column="51" severity="error" message="Vor &apos;}&apos; befindet sich kein Leerzeichen." source="com.puppycrawl.tools.checkstyle.checks.whitespace.WhitespaceAroundCheck"/>
<error line="78" severity="error" message="Der erste Satz sollte mit einem Punkt abschließen." source="com.puppycrawl.tools.checkstyle.checks.javadoc.JavadocStyleCheck"/>
<error line="86" column="30" severity="error" message="&apos;InitIOUtil&apos; entspricht nicht dem Muster &apos;^[a-z][a-zA-Z0-9]*$&apos;." source="com.puppycrawl.tools.checkstyle.checks.naming.MethodNameCheck"/>
<error line="86" column="41" severity="error" message="Der Parameter path sollte als &apos;final&apos; deklariert sein." source="com.puppycrawl.tools.checkstyle.checks.FinalParametersCheck"/>
<error line="86" column="48" severity="error" message="&apos;path&apos; verbirgt ein Feld." source="com.puppycrawl.tools.checkstyle.checks.coding.HiddenFieldCheck"/>
<error line="86" column="48" severity="error" message="Erwartete Tag @param für &apos;path&apos;." source="com.puppycrawl.tools.checkstyle.checks.javadoc.JavadocMethodCheck"/>
<error line="86" column="54" severity="error" message="Der Parameter sourceFileName sollte als &apos;final&apos; deklariert sein." source="com.puppycrawl.tools.checkstyle.checks.FinalParametersCheck"/>
<error line="86" column="61" severity="error" message="&apos;sourceFileName&apos; verbirgt ein Feld." source="com.puppycrawl.tools.checkstyle.checks.coding.HiddenFieldCheck"/>
<error line="86" column="61" severity="error" message="Erwartete Tag @param für &apos;sourceFileName&apos;." source="com.puppycrawl.tools.checkstyle.checks.javadoc.JavadocMethodCheck"/>
<error line="86" column="77" severity="error" message="Der Parameter destinationFileName sollte als &apos;final&apos; deklariert sein." source="com.puppycrawl.tools.checkstyle.checks.FinalParametersCheck"/>
<error line="86" column="84" severity="error" message="&apos;destinationFileName&apos; verbirgt ein Feld." source="com.puppycrawl.tools.checkstyle.checks.coding.HiddenFieldCheck"/>
<error line="86" column="84" severity="error" message="Erwartete Tag @param für &apos;destinationFileName&apos;." source="com.puppycrawl.tools.checkstyle.checks.javadoc.JavadocMethodCheck"/>
<error line="88" severity="error" message="Das &apos;if&apos;-Konstrukt muss &apos;{}&apos; benutzen." source="com.puppycrawl.tools.checkstyle.checks.blocks.NeedBracesCheck"/>
<error line="101" severity="error" message="Der erste Satz sollte mit einem Punkt abschließen." source="com.puppycrawl.tools.checkstyle.checks.javadoc.JavadocStyleCheck"/>
<error line="105" column="30" severity="error" message="&apos;GetInstance&apos; entspricht nicht dem Muster &apos;^[a-z][a-zA-Z0-9]*$&apos;." source="com.puppycrawl.tools.checkstyle.checks.naming.MethodNameCheck"/>
<error line="109" severity="error" message="Der erste Satz sollte mit einem Punkt abschließen." source="com.puppycrawl.tools.checkstyle.checks.javadoc.JavadocStyleCheck"/>
</file>
<file name="C:\_Projekte\Exxeta\planspielBPMNTomEE\src\main\util\bpmn\Utils.java">
<error line="15" column="1" severity="error" message="Utility classes should not have a public or default constructor." source="com.puppycrawl.tools.checkstyle.checks.design.HideUtilityClassConstructorCheck"/>
<error line="18" column="9" severity="error" message="Javadoc-Kommentar fehlt." source="com.puppycrawl.tools.checkstyle.checks.javadoc.JavadocMethodCheck"/>
<error line="18" column="37" severity="error" message="Der Parameter elem sollte als &apos;final&apos; deklariert sein." source="com.puppycrawl.tools.checkstyle.checks.FinalParametersCheck"/>
<error line="18" column="58" severity="error" message="Der Parameter bpmnDiagram sollte als &apos;final&apos; deklariert sein." source="com.puppycrawl.tools.checkstyle.checks.FinalParametersCheck"/>
<error line="24" column="9" severity="error" message="Javadoc-Kommentar fehlt." source="com.puppycrawl.tools.checkstyle.checks.javadoc.JavadocMethodCheck"/>
<error line="24" column="52" severity="error" message="Der Parameter elem sollte als &apos;final&apos; deklariert sein." source="com.puppycrawl.tools.checkstyle.checks.FinalParametersCheck"/>
<error line="24" column="73" severity="error" message="Der Parameter bpmnDiagram sollte als &apos;final&apos; deklariert sein." source="com.puppycrawl.tools.checkstyle.checks.FinalParametersCheck"/>
</file>
<file name="C:\_Projekte\Exxeta\planspielBPMNTomEE\src\test\domain\bpmn\LaneTest.java">
<error line="16" column="9" severity="error" message="Die Methode &apos;TestEquals&apos; ist nicht für Vererbung entworfen - muss abstract, final oder leer sein." source="com.puppycrawl.tools.checkstyle.checks.design.DesignForExtensionCheck"/>
<error line="16" column="9" severity="error" message="Javadoc-Kommentar fehlt." source="com.puppycrawl.tools.checkstyle.checks.javadoc.JavadocMethodCheck"/>
<error line="17" column="21" severity="error" message="&apos;TestEquals&apos; entspricht nicht dem Muster &apos;^[a-z][a-zA-Z0-9]*$&apos;." source="com.puppycrawl.tools.checkstyle.checks.naming.MethodNameCheck"/>
<error line="17" column="33" severity="error" message="Vor &apos;{&apos; befindet sich kein Leerzeichen." source="com.puppycrawl.tools.checkstyle.checks.whitespace.WhitespaceAroundCheck"/>
<error line="26" column="9" severity="error" message="Die Methode &apos;TestnotEquals&apos; ist nicht für Vererbung entworfen - muss abstract, final oder leer sein." source="com.puppycrawl.tools.checkstyle.checks.design.DesignForExtensionCheck"/>
<error line="26" column="9" severity="error" message="Javadoc-Kommentar fehlt." source="com.puppycrawl.tools.checkstyle.checks.javadoc.JavadocMethodCheck"/>
<error line="27" column="21" severity="error" message="&apos;TestnotEquals&apos; entspricht nicht dem Muster &apos;^[a-z][a-zA-Z0-9]*$&apos;." source="com.puppycrawl.tools.checkstyle.checks.naming.MethodNameCheck"/>
<error line="27" column="36" severity="error" message="Vor &apos;{&apos; befindet sich kein Leerzeichen." source="com.puppycrawl.tools.checkstyle.checks.whitespace.WhitespaceAroundCheck"/>
</file>
<file name="C:\_Projekte\Exxeta\planspielBPMNTomEE\src\test\ui\wizard\SeleniumTest.java">
<error line="0" severity="error" message="Datei endet nicht mit einem Zeilenumbruch." source="com.puppycrawl.tools.checkstyle.checks.NewlineAtEndOfFileCheck"/>
<error line="10" column="8" severity="error" message="Nicht benutztes import - org.openqa.selenium.WebElement." source="com.puppycrawl.tools.checkstyle.checks.imports.UnusedImportsCheck"/>
<error line="12" column="8" severity="error" message="Nicht benutztes import - org.openqa.selenium.htmlunit.HtmlUnitDriver." source="com.puppycrawl.tools.checkstyle.checks.imports.UnusedImportsCheck"/>
<error line="14" severity="error" message="Javadoc-Kommentar fehlt." source="com.puppycrawl.tools.checkstyle.checks.javadoc.JavadocTypeCheck"/>
<error line="15" column="10" severity="error" message="Javadoc-Kommentar fehlt." source="com.puppycrawl.tools.checkstyle.checks.javadoc.JavadocVariableCheck"/>
<error line="16" column="11" severity="error" message="Javadoc-Kommentar fehlt." source="com.puppycrawl.tools.checkstyle.checks.javadoc.JavadocVariableCheck"/>
<error line="17" column="11" severity="error" message="Javadoc-Kommentar fehlt." source="com.puppycrawl.tools.checkstyle.checks.javadoc.JavadocVariableCheck"/>
<error line="19" column="11" severity="error" message="Die Methode &apos;setUp&apos; ist nicht für Vererbung entworfen - muss abstract, final oder leer sein." source="com.puppycrawl.tools.checkstyle.checks.design.DesignForExtensionCheck"/>
<error line="19" column="11" severity="error" message="Javadoc-Kommentar fehlt." source="com.puppycrawl.tools.checkstyle.checks.javadoc.JavadocMethodCheck"/>
<error line="23" column="55" severity="error" message="&apos;5&apos; sollte durch eine Konstante definiert sein." source="com.puppycrawl.tools.checkstyle.checks.coding.MagicNumberCheck"/>
<error line="26" column="11" severity="error" message="Die Methode &apos;test&apos; ist nicht für Vererbung entworfen - muss abstract, final oder leer sein." source="com.puppycrawl.tools.checkstyle.checks.design.DesignForExtensionCheck"/>
<error line="26" column="11" severity="error" message="Javadoc-Kommentar fehlt." source="com.puppycrawl.tools.checkstyle.checks.javadoc.JavadocMethodCheck"/>
<error line="40" column="11" severity="error" message="Die Methode &apos;tearDown&apos; ist nicht für Vererbung entworfen - muss abstract, final oder leer sein." source="com.puppycrawl.tools.checkstyle.checks.design.DesignForExtensionCheck"/>
<error line="40" column="11" severity="error" message="Javadoc-Kommentar fehlt." source="com.puppycrawl.tools.checkstyle.checks.javadoc.JavadocMethodCheck"/>
</file>
</checkstyle>
